Change Component Footprint: Designator=F1 Old Footprint=0805 New Footprint=0603P
Added Component: Designator=TFTLCD(DB2*17)
Added Component: Designator=U6(AMS1117)
Added Pin To Net: NetName=LCD CS Pin=TFTLCD-1
Added Pin To Net: NetName=LCD RS Pin=TFTLCD-2
Added Pin To Net: NetName=LCD WR Pin=TFTLCD-3
Added Pin To Net: NetName=LCD RD Pin=TFTLCD-4
Added Pin To Net: NetName=RESET Pin=TFTLCD-5
Added Pin To Net: NetName=LCD D0 Pin=TFTLCD-6
Added Pin To Net: NetName=LCD D1 Pin=TFTLCD-7
Added Pin To Net: NetName=LCD D2 Pin=TFTLCD-8
Added Pin To Net: NetName=LCD D3 Pin=TFTLCD-9
Added Pin To Net: NetName=LCD D4 Pin=TFTLCD-10
Added Pin To Net: NetName=LCD D5 Pin=TFTLCD-11
Added Pin To Net: NetName=LCD D6 Pin=TFTLCD-12
Added Pin To Net: NetName=LCD D7 Pin=TFTLCD-13
Added Pin To Net: NetName=LCD D8 Pin=TFTLCD-14
Added Pin To Net: NetName=LCD D9 Pin=TFTLCD-15
Added Pin To Net: NetName=LCD D10 Pin=TFTLCD-16
Added Pin To Net: NetName=LCD D11 Pin=TFTLCD-17
Added Pin To Net: NetName=LCD D12 Pin=TFTLCD-18
Added Pin To Net: NetName=LCD D13 Pin=TFTLCD-19
Added Pin To Net: NetName=LCD D14 Pin=TFTLCD-20
Added Pin To Net: NetName=LCD D15 Pin=TFTLCD-21
Added Pin To Net: NetName=GND Pin=TFTLCD-22
Added Pin To Net: NetName=LCD BL Pin=TFTLCD-23
Added Pin To Net: NetName=VCC Pin=TFTLCD-24
Added Pin To Net: NetName=VCC Pin=TFTLCD-25
Added Pin To Net: NetName=GND Pin=TFTLCD-26
Added Pin To Net: NetName=GND Pin=TFTLCD-27
Added Pin To Net: NetName=VCC5 Pin=TFTLCD-28
Added Pin To Net: NetName=T MISO Pin=TFTLCD-29
Added Pin To Net: NetName=T MOSI Pin=TFTLCD-30
Added Pin To Net: NetName=T PEN Pin=TFTLCD-31
Added Pin To Net: NetName=T CS Pin=TFTLCD-33
Added Pin To Net: NetName=T CLK Pin=TFTLCD-34
Added Pin To Net: NetName=VS XREST Pin=U1-3
Added Pin To Net: NetName=VS DREQ Pin=U1-8
Added Pin To Net: NetName=PA8 Pin=U1-23
Added Pin To Net: NetName=SPI CLK Pin=U1-28
Added Pin To Net: NetName=SPI MOSI Pin=U1-29
Added Pin To Net: NetName=SPI MISO Pin=U1-30
Added Pin To Net: NetName=VS XDCS Pin=U1-13
Added Net: Name=VS XDCS
Change Class Name : Old Net Name=MCU New Net Name=MP3
Added Member To Class: ClassName=MP3 Member=Component TFTLCD TFT_LCD
Added Member To Class: ClassName=MP3 Member=Component U6 AMS1117-3.3
Change Room Name: Old Name=MCU New Name=MP3
Change Room Scope: Old Scope=InComponentClass('MCU') New Scope=InComponentClass('MP3')
