Partition Merge report for sdram_ov7670_lcd
Thu Dec 29 21:34:54 2016
Quartus II 64-Bit Version 12.1 Build 177 11/07/2012 SJ Full Version


---------------------
; Table of Contents ;
---------------------
  1. Legal Notice
  2. Partition Merge Summary
  3. Partition Merge Netlist Types Used
  4. Partition Merge Partition Statistics
  5. Partition Merge Partition Pin Processing
  6. Partition Merge Resource Usage Summary
  7. Partition Merge RAM Summary
  8. Partition Merge Messages



----------------
; Legal Notice ;
----------------
Copyright (C) 1991-2012 Altera Corporation
Your use of Altera Corporation's design tools, logic functions 
and other software and tools, and its AMPP partner logic 
functions, and any output files from any of the foregoing 
(including device programming or simulation files), and any 
associated documentation or information are expressly subject 
to the terms and conditions of the Altera Program License 
Subscription Agreement, Altera MegaCore Function License 
Agreement, or other applicable license agreement, including, 
without limitation, that your use is for the sole purpose of 
programming logic devices manufactured by Altera and sold by 
Altera or its authorized distributors.  Please refer to the 
applicable agreement for further details.



+--------------------------------------------------------------------------------+
; Partition Merge Summary                                                        ;
+------------------------------------+-------------------------------------------+
; Partition Merge Status             ; Successful - Thu Dec 29 21:34:54 2016     ;
; Quartus II 64-Bit Version          ; 12.1 Build 177 11/07/2012 SJ Full Version ;
; Revision Name                      ; sdram_ov7670_lcd                          ;
; Top-level Entity Name              ; sdram_ov7670_lcd                          ;
; Family                             ; Cyclone IV E                              ;
; Total logic elements               ; 1,160                                     ;
;     Total combinational functions  ; 1,016                                     ;
;     Dedicated logic registers      ; 503                                       ;
; Total registers                    ; 503                                       ;
; Total pins                         ; 87                                        ;
; Total virtual pins                 ; 0                                         ;
; Total memory bits                  ; 16,384                                    ;
; Embedded Multiplier 9-bit elements ; 0                                         ;
; Total PLLs                         ; 1                                         ;
+------------------------------------+-------------------------------------------+


+-------------------------------------------------------------------------------------------------------------------------------+
; Partition Merge Netlist Types Used                                                                                            ;
+--------------------------------+----------------+-------------------+------------------------+--------------------------------+
; Partition Name                 ; Partition Type ; Netlist Type Used ; Netlist Type Requested ; Partition Contents             ;
+--------------------------------+----------------+-------------------+------------------------+--------------------------------+
; Top                            ; User-created   ; Source File       ; Post-Fit               ;                                ;
; hard_block:auto_generated_inst ; Auto-generated ; Source File       ; Source File            ; hard_block:auto_generated_inst ;
+--------------------------------+----------------+-------------------+------------------------+--------------------------------+


+--------------------------------------------------------------------------------------+
; Partition Merge Partition Statistics                                                 ;
+---------------------------------------------+-------+--------------------------------+
; Statistic                                   ; Top   ; hard_block:auto_generated_inst ;
+---------------------------------------------+-------+--------------------------------+
; Estimated Total logic elements              ; 1160  ; 0                              ;
;                                             ;       ;                                ;
; Total combinational functions               ; 1016  ; 0                              ;
; Logic element usage by number of LUT inputs ;       ;                                ;
;     -- 4 input functions                    ; 592   ; 0                              ;
;     -- 3 input functions                    ; 168   ; 0                              ;
;     -- <=2 input functions                  ; 256   ; 0                              ;
;                                             ;       ;                                ;
; Logic elements by mode                      ;       ;                                ;
;     -- normal mode                          ; 854   ; 0                              ;
;     -- arithmetic mode                      ; 162   ; 0                              ;
;                                             ;       ;                                ;
; Total registers                             ; 503   ; 0                              ;
;     -- Dedicated logic registers            ; 503   ; 0                              ;
;                                             ;       ;                                ;
; Virtual pins                                ; 0     ; 0                              ;
; I/O pins                                    ; 87    ; 0                              ;
; Embedded Multiplier 9-bit elements          ; 0     ; 0                              ;
; Total memory bits                           ; 16384 ; 0                              ;
; Total RAM block bits                        ; 0     ; 0                              ;
; PLL                                         ; 0     ; 1                              ;
;                                             ;       ;                                ;
; Connections                                 ;       ;                                ;
;     -- Input Connections                    ; 437   ; 2                              ;
;     -- Registered Input Connections         ; 416   ; 0                              ;
;     -- Output Connections                   ; 19    ; 420                            ;
;     -- Registered Output Connections        ; 0     ; 0                              ;
;                                             ;       ;                                ;
; Internal Connections                        ;       ;                                ;
;     -- Total Connections                    ; 6246  ; 423                            ;
;     -- Registered Connections               ; 3735  ; 0                              ;
;                                             ;       ;                                ;
; External Connections                        ;       ;                                ;
;     -- Top                                  ; 34    ; 422                            ;
;     -- hard_block:auto_generated_inst       ; 422   ; 0                              ;
;                                             ;       ;                                ;
; Partition Interface                         ;       ;                                ;
;     -- Input Ports                          ; 13    ; 2                              ;
;     -- Output Ports                         ; 57    ; 5                              ;
;     -- Bidir Ports                          ; 17    ; 0                              ;
;                                             ;       ;                                ;
; Registered Ports                            ;       ;                                ;
;     -- Registered Input Ports               ; 0     ; 0                              ;
;     -- Registered Output Ports              ; 0     ; 0                              ;
;                                             ;       ;                                ;
; Port Connectivity                           ;       ;                                ;
;     -- Input Ports driven by GND            ; 0     ; 0                              ;
;     -- Output Ports driven by GND           ; 0     ; 0                              ;
;     -- Input Ports driven by VCC            ; 0     ; 0                              ;
;     -- Output Ports driven by VCC           ; 0     ; 0                              ;
;     -- Input Ports with no Source           ; 0     ; 0                              ;
;     -- Output Ports with no Source          ; 0     ; 0                              ;
;     -- Input Ports with no Fanout           ; 0     ; 0                              ;
;     -- Output Ports with no Fanout          ; 0     ; 0                              ;
+---------------------------------------------+-------+--------------------------------+
Note: Resource usage numbers presented for Partitions containing post-synthesis logic are estimates.  For Partitions containing post-fit logic, resource usage numbers are accurate based on previous placement information.  Actual Fitter results may vary depending on current Fitter Preservation Level assignments.


+--------------------------------------------------------------------------------------------------------------------+
; Partition Merge Partition Pin Processing                                                                           ;
+--------------------------------+-----------+---------------+----------+--------------------------------------------+
; Name                           ; Partition ; Type          ; Location ; Status                                     ;
+--------------------------------+-----------+---------------+----------+--------------------------------------------+
; CLOCK                          ; Top       ; Input Port    ; n/a      ;                                            ;
;     -- CLOCK                   ; Top       ; Input Pad     ; Unplaced ; Synthesized                                ;
;     -- CLOCK~input             ; Top       ; Input Buffer  ; Unplaced ; Synthesized                                ;
;                                ;           ;               ;          ;                                            ;
; CMOS_DB[0]                     ; Top       ; Input Port    ; n/a      ;                                            ;
;     -- CMOS_DB[0]              ; Top       ; Input Pad     ; Unplaced ; Synthesized                                ;
;     -- CMOS_DB[0]~input        ; Top       ; Input Buffer  ; Unplaced ; Synthesized                                ;
;                                ;           ;               ;          ;                                            ;
; CMOS_DB[1]                     ; Top       ; Input Port    ; n/a      ;                                            ;
;     -- CMOS_DB[1]              ; Top       ; Input Pad     ; Unplaced ; Synthesized                                ;
;     -- CMOS_DB[1]~input        ; Top       ; Input Buffer  ; Unplaced ; Synthesized                                ;
;                                ;           ;               ;          ;                                            ;
; CMOS_DB[2]                     ; Top       ; Input Port    ; n/a      ;                                            ;
;     -- CMOS_DB[2]              ; Top       ; Input Pad     ; Unplaced ; Synthesized                                ;
;     -- CMOS_DB[2]~input        ; Top       ; Input Buffer  ; Unplaced ; Synthesized                                ;
;                                ;           ;               ;          ;                                            ;
; CMOS_DB[3]                     ; Top       ; Input Port    ; n/a      ;                                            ;
;     -- CMOS_DB[3]              ; Top       ; Input Pad     ; Unplaced ; Synthesized                                ;
;     -- CMOS_DB[3]~input        ; Top       ; Input Buffer  ; Unplaced ; Synthesized                                ;
;                                ;           ;               ;          ;                                            ;
; CMOS_DB[4]                     ; Top       ; Input Port    ; n/a      ;                                            ;
;     -- CMOS_DB[4]              ; Top       ; Input Pad     ; Unplaced ; Synthesized                                ;
;     -- CMOS_DB[4]~input        ; Top       ; Input Buffer  ; Unplaced ; Synthesized                                ;
;                                ;           ;               ;          ;                                            ;
; CMOS_DB[5]                     ; Top       ; Input Port    ; n/a      ;                                            ;
;     -- CMOS_DB[5]              ; Top       ; Input Pad     ; Unplaced ; Synthesized                                ;
;     -- CMOS_DB[5]~input        ; Top       ; Input Buffer  ; Unplaced ; Synthesized                                ;
;                                ;           ;               ;          ;                                            ;
; CMOS_DB[6]                     ; Top       ; Input Port    ; n/a      ;                                            ;
;     -- CMOS_DB[6]              ; Top       ; Input Pad     ; Unplaced ; Synthesized                                ;
;     -- CMOS_DB[6]~input        ; Top       ; Input Buffer  ; Unplaced ; Synthesized                                ;
;                                ;           ;               ;          ;                                            ;
; CMOS_DB[7]                     ; Top       ; Input Port    ; n/a      ;                                            ;
;     -- CMOS_DB[7]              ; Top       ; Input Pad     ; Unplaced ; Synthesized                                ;
;     -- CMOS_DB[7]~input        ; Top       ; Input Buffer  ; Unplaced ; Synthesized                                ;
;                                ;           ;               ;          ;                                            ;
; CMOS_HREF                      ; Top       ; Input Port    ; n/a      ;                                            ;
;     -- CMOS_HREF               ; Top       ; Input Pad     ; Unplaced ; Synthesized                                ;
;     -- CMOS_HREF~input         ; Top       ; Input Buffer  ; Unplaced ; Synthesized                                ;
;                                ;           ;               ;          ;                                            ;
; CMOS_PCLK                      ; Top       ; Input Port    ; n/a      ;                                            ;
;     -- CMOS_PCLK               ; Top       ; Input Pad     ; Unplaced ; Synthesized                                ;
;     -- CMOS_PCLK~input         ; Top       ; Input Buffer  ; Unplaced ; Synthesized                                ;
;                                ;           ;               ;          ;                                            ;
; CMOS_SCLK                      ; Top       ; Output Port   ; n/a      ;                                            ;
;     -- CMOS_SCLK               ; Top       ; Output Pad    ; Unplaced ; Synthesized                                ;
;     -- CMOS_SCLK~output        ; Top       ; Output Buffer ; Unplaced ; Synthesized                                ;
;                                ;           ;               ;          ;                                            ;
; CMOS_SDAT                      ; Top       ; Bidir Port    ; n/a      ;                                            ;
;     -- CMOS_SDAT               ; Top       ; Bidir Pad     ; Unplaced ; Synthesized                                ;
;     -- CMOS_SDAT~output        ; Top       ; Output Buffer ; Unplaced ; Preserved from Synthesis Netlist (WYSIWYG) ;
;                                ;           ;               ;          ;                                            ;
; CMOS_VSYNC                     ; Top       ; Input Port    ; n/a      ;                                            ;
;     -- CMOS_VSYNC              ; Top       ; Input Pad     ; Unplaced ; Synthesized                                ;
;     -- CMOS_VSYNC~input        ; Top       ; Input Buffer  ; Unplaced ; Synthesized                                ;
;                                ;           ;               ;          ;                                            ;
; CMOS_XCLK                      ; Top       ; Output Port   ; n/a      ;                                            ;
;     -- CMOS_XCLK               ; Top       ; Output Pad    ; Unplaced ; Synthesized                                ;
;     -- CMOS_XCLK~output        ; Top       ; Output Buffer ; Unplaced ; Synthesized                                ;
;                                ;           ;               ;          ;                                            ;
; LED[0]                         ; Top       ; Output Port   ; n/a      ;                                            ;
;     -- LED[0]                  ; Top       ; Output Pad    ; Unplaced ; Synthesized                                ;
;     -- LED[0]~output           ; Top       ; Output Buffer ; Unplaced ; Synthesized                                ;
;                                ;           ;               ;          ;                                            ;
; LED[1]                         ; Top       ; Output Port   ; n/a      ;                                            ;
;     -- LED[1]                  ; Top       ; Output Pad    ; Unplaced ; Synthesized                                ;
;     -- LED[1]~output           ; Top       ; Output Buffer ; Unplaced ; Synthesized                                ;
;                                ;           ;               ;          ;                                            ;
; LED[2]                         ; Top       ; Output Port   ; n/a      ;                                            ;
;     -- LED[2]                  ; Top       ; Output Pad    ; Unplaced ; Synthesized                                ;
;     -- LED[2]~output           ; Top       ; Output Buffer ; Unplaced ; Synthesized                                ;
;                                ;           ;               ;          ;                                            ;
; LED[3]                         ; Top       ; Output Port   ; n/a      ;                                            ;
;     -- LED[3]                  ; Top       ; Output Pad    ; Unplaced ; Synthesized                                ;
;     -- LED[3]~output           ; Top       ; Output Buffer ; Unplaced ; Synthesized                                ;
;                                ;           ;               ;          ;                                            ;
; S_A[0]                         ; Top       ; Output Port   ; n/a      ;                                            ;
;     -- S_A[0]                  ; Top       ; Output Pad    ; Unplaced ; Synthesized                                ;
;     -- S_A[0]~output           ; Top       ; Output Buffer ; Unplaced ; Synthesized                                ;
;                                ;           ;               ;          ;                                            ;
; S_A[10]                        ; Top       ; Output Port   ; n/a      ;                                            ;
;     -- S_A[10]                 ; Top       ; Output Pad    ; Unplaced ; Synthesized                                ;
;     -- S_A[10]~output          ; Top       ; Output Buffer ; Unplaced ; Synthesized                                ;
;                                ;           ;               ;          ;                                            ;
; S_A[11]                        ; Top       ; Output Port   ; n/a      ;                                            ;
;     -- S_A[11]                 ; Top       ; Output Pad    ; Unplaced ; Synthesized                                ;
;     -- S_A[11]~output          ; Top       ; Output Buffer ; Unplaced ; Synthesized                                ;
;                                ;           ;               ;          ;                                            ;
; S_A[12]                        ; Top       ; Output Port   ; n/a      ;                                            ;
;     -- S_A[12]                 ; Top       ; Output Pad    ; Unplaced ; Synthesized                                ;
;     -- S_A[12]~output          ; Top       ; Output Buffer ; Unplaced ; Synthesized                                ;
;                                ;           ;               ;          ;                                            ;
; S_A[1]                         ; Top       ; Output Port   ; n/a      ;                                            ;
;     -- S_A[1]                  ; Top       ; Output Pad    ; Unplaced ; Synthesized                                ;
;     -- S_A[1]~output           ; Top       ; Output Buffer ; Unplaced ; Synthesized                                ;
;                                ;           ;               ;          ;                                            ;
; S_A[2]                         ; Top       ; Output Port   ; n/a      ;                                            ;
;     -- S_A[2]                  ; Top       ; Output Pad    ; Unplaced ; Synthesized                                ;
;     -- S_A[2]~output           ; Top       ; Output Buffer ; Unplaced ; Synthesized                                ;
;                                ;           ;               ;          ;                                            ;
; S_A[3]                         ; Top       ; Output Port   ; n/a      ;                                            ;
;     -- S_A[3]                  ; Top       ; Output Pad    ; Unplaced ; Synthesized                                ;
;     -- S_A[3]~output           ; Top       ; Output Buffer ; Unplaced ; Synthesized                                ;
;                                ;           ;               ;          ;                                            ;
; S_A[4]                         ; Top       ; Output Port   ; n/a      ;                                            ;
;     -- S_A[4]                  ; Top       ; Output Pad    ; Unplaced ; Synthesized                                ;
;     -- S_A[4]~output           ; Top       ; Output Buffer ; Unplaced ; Synthesized                                ;
;                                ;           ;               ;          ;                                            ;
; S_A[5]                         ; Top       ; Output Port   ; n/a      ;                                            ;
;     -- S_A[5]                  ; Top       ; Output Pad    ; Unplaced ; Synthesized                                ;
;     -- S_A[5]~output           ; Top       ; Output Buffer ; Unplaced ; Synthesized                                ;
;                                ;           ;               ;          ;                                            ;
; S_A[6]                         ; Top       ; Output Port   ; n/a      ;                                            ;
;     -- S_A[6]                  ; Top       ; Output Pad    ; Unplaced ; Synthesized                                ;
;     -- S_A[6]~output           ; Top       ; Output Buffer ; Unplaced ; Synthesized                                ;
;                                ;           ;               ;          ;                                            ;
; S_A[7]                         ; Top       ; Output Port   ; n/a      ;                                            ;
;     -- S_A[7]                  ; Top       ; Output Pad    ; Unplaced ; Synthesized                                ;
;     -- S_A[7]~output           ; Top       ; Output Buffer ; Unplaced ; Synthesized                                ;
;                                ;           ;               ;          ;                                            ;
; S_A[8]                         ; Top       ; Output Port   ; n/a      ;                                            ;
;     -- S_A[8]                  ; Top       ; Output Pad    ; Unplaced ; Synthesized                                ;
;     -- S_A[8]~output           ; Top       ; Output Buffer ; Unplaced ; Synthesized                                ;
;                                ;           ;               ;          ;                                            ;
; S_A[9]                         ; Top       ; Output Port   ; n/a      ;                                            ;
;     -- S_A[9]                  ; Top       ; Output Pad    ; Unplaced ; Synthesized                                ;
;     -- S_A[9]~output           ; Top       ; Output Buffer ; Unplaced ; Synthesized                                ;
;                                ;           ;               ;          ;                                            ;
; S_BA[0]                        ; Top       ; Output Port   ; n/a      ;                                            ;
;     -- S_BA[0]                 ; Top       ; Output Pad    ; Unplaced ; Synthesized                                ;
;     -- S_BA[0]~output          ; Top       ; Output Buffer ; Unplaced ; Synthesized                                ;
;                                ;           ;               ;          ;                                            ;
; S_BA[1]                        ; Top       ; Output Port   ; n/a      ;                                            ;
;     -- S_BA[1]                 ; Top       ; Output Pad    ; Unplaced ; Synthesized                                ;
;     -- S_BA[1]~output          ; Top       ; Output Buffer ; Unplaced ; Synthesized                                ;
;                                ;           ;               ;          ;                                            ;
; S_CKE                          ; Top       ; Output Port   ; n/a      ;                                            ;
;     -- S_CKE                   ; Top       ; Output Pad    ; Unplaced ; Synthesized                                ;
;     -- S_CKE~output            ; Top       ; Output Buffer ; Unplaced ; Synthesized                                ;
;                                ;           ;               ;          ;                                            ;
; S_CLK                          ; Top       ; Output Port   ; n/a      ;                                            ;
;     -- S_CLK                   ; Top       ; Output Pad    ; Unplaced ; Synthesized                                ;
;     -- S_CLK~output            ; Top       ; Output Buffer ; Unplaced ; Synthesized                                ;
;                                ;           ;               ;          ;                                            ;
; S_DB[0]                        ; Top       ; Bidir Port    ; n/a      ;                                            ;
;     -- S_DB[0]                 ; Top       ; Bidir Pad     ; Unplaced ; Synthesized                                ;
;     -- S_DB[0]~output          ; Top       ; Output Buffer ; Unplaced ; Preserved from Synthesis Netlist (WYSIWYG) ;
;                                ;           ;               ;          ;                                            ;
; S_DB[10]                       ; Top       ; Bidir Port    ; n/a      ;                                            ;
;     -- S_DB[10]                ; Top       ; Bidir Pad     ; Unplaced ; Synthesized                                ;
;     -- S_DB[10]~output         ; Top       ; Output Buffer ; Unplaced ; Preserved from Synthesis Netlist (WYSIWYG) ;
;                                ;           ;               ;          ;                                            ;
; S_DB[11]                       ; Top       ; Bidir Port    ; n/a      ;                                            ;
;     -- S_DB[11]                ; Top       ; Bidir Pad     ; Unplaced ; Synthesized                                ;
;     -- S_DB[11]~output         ; Top       ; Output Buffer ; Unplaced ; Preserved from Synthesis Netlist (WYSIWYG) ;
;                                ;           ;               ;          ;                                            ;
; S_DB[12]                       ; Top       ; Bidir Port    ; n/a      ;                                            ;
;     -- S_DB[12]                ; Top       ; Bidir Pad     ; Unplaced ; Synthesized                                ;
;     -- S_DB[12]~output         ; Top       ; Output Buffer ; Unplaced ; Preserved from Synthesis Netlist (WYSIWYG) ;
;                                ;           ;               ;          ;                                            ;
; S_DB[13]                       ; Top       ; Bidir Port    ; n/a      ;                                            ;
;     -- S_DB[13]                ; Top       ; Bidir Pad     ; Unplaced ; Synthesized                                ;
;     -- S_DB[13]~output         ; Top       ; Output Buffer ; Unplaced ; Preserved from Synthesis Netlist (WYSIWYG) ;
;                                ;           ;               ;          ;                                            ;
; S_DB[14]                       ; Top       ; Bidir Port    ; n/a      ;                                            ;
;     -- S_DB[14]                ; Top       ; Bidir Pad     ; Unplaced ; Synthesized                                ;
;     -- S_DB[14]~output         ; Top       ; Output Buffer ; Unplaced ; Preserved from Synthesis Netlist (WYSIWYG) ;
;                                ;           ;               ;          ;                                            ;
; S_DB[15]                       ; Top       ; Bidir Port    ; n/a      ;                                            ;
;     -- S_DB[15]                ; Top       ; Bidir Pad     ; Unplaced ; Synthesized                                ;
;     -- S_DB[15]~output         ; Top       ; Output Buffer ; Unplaced ; Preserved from Synthesis Netlist (WYSIWYG) ;
;                                ;           ;               ;          ;                                            ;
; S_DB[1]                        ; Top       ; Bidir Port    ; n/a      ;                                            ;
;     -- S_DB[1]                 ; Top       ; Bidir Pad     ; Unplaced ; Synthesized                                ;
;     -- S_DB[1]~output          ; Top       ; Output Buffer ; Unplaced ; Preserved from Synthesis Netlist (WYSIWYG) ;
;                                ;           ;               ;          ;                                            ;
; S_DB[2]                        ; Top       ; Bidir Port    ; n/a      ;                                            ;
;     -- S_DB[2]                 ; Top       ; Bidir Pad     ; Unplaced ; Synthesized                                ;
;     -- S_DB[2]~output          ; Top       ; Output Buffer ; Unplaced ; Preserved from Synthesis Netlist (WYSIWYG) ;
;                                ;           ;               ;          ;                                            ;
; S_DB[3]                        ; Top       ; Bidir Port    ; n/a      ;                                            ;
;     -- S_DB[3]                 ; Top       ; Bidir Pad     ; Unplaced ; Synthesized                                ;
;     -- S_DB[3]~output          ; Top       ; Output Buffer ; Unplaced ; Preserved from Synthesis Netlist (WYSIWYG) ;
;                                ;           ;               ;          ;                                            ;
; S_DB[4]                        ; Top       ; Bidir Port    ; n/a      ;                                            ;
;     -- S_DB[4]                 ; Top       ; Bidir Pad     ; Unplaced ; Synthesized                                ;
;     -- S_DB[4]~output          ; Top       ; Output Buffer ; Unplaced ; Preserved from Synthesis Netlist (WYSIWYG) ;
;                                ;           ;               ;          ;                                            ;
; S_DB[5]                        ; Top       ; Bidir Port    ; n/a      ;                                            ;
;     -- S_DB[5]                 ; Top       ; Bidir Pad     ; Unplaced ; Synthesized                                ;
;     -- S_DB[5]~output          ; Top       ; Output Buffer ; Unplaced ; Preserved from Synthesis Netlist (WYSIWYG) ;
;                                ;           ;               ;          ;                                            ;
; S_DB[6]                        ; Top       ; Bidir Port    ; n/a      ;                                            ;
;     -- S_DB[6]                 ; Top       ; Bidir Pad     ; Unplaced ; Synthesized                                ;
;     -- S_DB[6]~output          ; Top       ; Output Buffer ; Unplaced ; Preserved from Synthesis Netlist (WYSIWYG) ;
;                                ;           ;               ;          ;                                            ;
; S_DB[7]                        ; Top       ; Bidir Port    ; n/a      ;                                            ;
;     -- S_DB[7]                 ; Top       ; Bidir Pad     ; Unplaced ; Synthesized                                ;
;     -- S_DB[7]~output          ; Top       ; Output Buffer ; Unplaced ; Preserved from Synthesis Netlist (WYSIWYG) ;
;                                ;           ;               ;          ;                                            ;
; S_DB[8]                        ; Top       ; Bidir Port    ; n/a      ;                                            ;
;     -- S_DB[8]                 ; Top       ; Bidir Pad     ; Unplaced ; Synthesized                                ;
;     -- S_DB[8]~output          ; Top       ; Output Buffer ; Unplaced ; Preserved from Synthesis Netlist (WYSIWYG) ;
;                                ;           ;               ;          ;                                            ;
; S_DB[9]                        ; Top       ; Bidir Port    ; n/a      ;                                            ;
;     -- S_DB[9]                 ; Top       ; Bidir Pad     ; Unplaced ; Synthesized                                ;
;     -- S_DB[9]~output          ; Top       ; Output Buffer ; Unplaced ; Preserved from Synthesis Netlist (WYSIWYG) ;
;                                ;           ;               ;          ;                                            ;
; S_DQM[0]                       ; Top       ; Output Port   ; n/a      ;                                            ;
;     -- S_DQM[0]                ; Top       ; Output Pad    ; Unplaced ; Synthesized                                ;
;     -- S_DQM[0]~output         ; Top       ; Output Buffer ; Unplaced ; Synthesized                                ;
;                                ;           ;               ;          ;                                            ;
; S_DQM[1]                       ; Top       ; Output Port   ; n/a      ;                                            ;
;     -- S_DQM[1]                ; Top       ; Output Pad    ; Unplaced ; Synthesized                                ;
;     -- S_DQM[1]~output         ; Top       ; Output Buffer ; Unplaced ; Synthesized                                ;
;                                ;           ;               ;          ;                                            ;
; S_NCAS                         ; Top       ; Output Port   ; n/a      ;                                            ;
;     -- S_NCAS                  ; Top       ; Output Pad    ; Unplaced ; Synthesized                                ;
;     -- S_NCAS~output           ; Top       ; Output Buffer ; Unplaced ; Synthesized                                ;
;                                ;           ;               ;          ;                                            ;
; S_NCS                          ; Top       ; Output Port   ; n/a      ;                                            ;
;     -- S_NCS                   ; Top       ; Output Pad    ; Unplaced ; Synthesized                                ;
;     -- S_NCS~output            ; Top       ; Output Buffer ; Unplaced ; Synthesized                                ;
;                                ;           ;               ;          ;                                            ;
; S_NRAS                         ; Top       ; Output Port   ; n/a      ;                                            ;
;     -- S_NRAS                  ; Top       ; Output Pad    ; Unplaced ; Synthesized                                ;
;     -- S_NRAS~output           ; Top       ; Output Buffer ; Unplaced ; Synthesized                                ;
;                                ;           ;               ;          ;                                            ;
; S_NWE                          ; Top       ; Output Port   ; n/a      ;                                            ;
;     -- S_NWE                   ; Top       ; Output Pad    ; Unplaced ; Synthesized                                ;
;     -- S_NWE~output            ; Top       ; Output Buffer ; Unplaced ; Synthesized                                ;
;                                ;           ;               ;          ;                                            ;
; lcd_out_clk                    ; Top       ; Output Port   ; n/a      ;                                            ;
;     -- lcd_out_clk             ; Top       ; Output Pad    ; Unplaced ; Synthesized                                ;
;     -- lcd_out_clk~output      ; Top       ; Output Buffer ; Unplaced ; Synthesized                                ;
;                                ;           ;               ;          ;                                            ;
; lcd_out_de                     ; Top       ; Output Port   ; n/a      ;                                            ;
;     -- lcd_out_de              ; Top       ; Output Pad    ; Unplaced ; Synthesized                                ;
;     -- lcd_out_de~output       ; Top       ; Output Buffer ; Unplaced ; Synthesized                                ;
;                                ;           ;               ;          ;                                            ;
; lcd_out_hs                     ; Top       ; Output Port   ; n/a      ;                                            ;
;     -- lcd_out_hs              ; Top       ; Output Pad    ; Unplaced ; Synthesized                                ;
;     -- lcd_out_hs~output       ; Top       ; Output Buffer ; Unplaced ; Synthesized                                ;
;                                ;           ;               ;          ;                                            ;
; lcd_out_rgb_b[0]               ; Top       ; Output Port   ; n/a      ;                                            ;
;     -- lcd_out_rgb_b[0]        ; Top       ; Output Pad    ; Unplaced ; Synthesized                                ;
;     -- lcd_out_rgb_b[0]~output ; Top       ; Output Buffer ; Unplaced ; Synthesized                                ;
;                                ;           ;               ;          ;                                            ;
; lcd_out_rgb_b[1]               ; Top       ; Output Port   ; n/a      ;                                            ;
;     -- lcd_out_rgb_b[1]        ; Top       ; Output Pad    ; Unplaced ; Synthesized                                ;
;     -- lcd_out_rgb_b[1]~output ; Top       ; Output Buffer ; Unplaced ; Synthesized                                ;
;                                ;           ;               ;          ;                                            ;
; lcd_out_rgb_b[2]               ; Top       ; Output Port   ; n/a      ;                                            ;
;     -- lcd_out_rgb_b[2]        ; Top       ; Output Pad    ; Unplaced ; Synthesized                                ;
;     -- lcd_out_rgb_b[2]~output ; Top       ; Output Buffer ; Unplaced ; Synthesized                                ;
;                                ;           ;               ;          ;                                            ;
; lcd_out_rgb_b[3]               ; Top       ; Output Port   ; n/a      ;                                            ;
;     -- lcd_out_rgb_b[3]        ; Top       ; Output Pad    ; Unplaced ; Synthesized                                ;
;     -- lcd_out_rgb_b[3]~output ; Top       ; Output Buffer ; Unplaced ; Synthesized                                ;
;                                ;           ;               ;          ;                                            ;
; lcd_out_rgb_b[4]               ; Top       ; Output Port   ; n/a      ;                                            ;
;     -- lcd_out_rgb_b[4]        ; Top       ; Output Pad    ; Unplaced ; Synthesized                                ;
;     -- lcd_out_rgb_b[4]~output ; Top       ; Output Buffer ; Unplaced ; Synthesized                                ;
;                                ;           ;               ;          ;                                            ;
; lcd_out_rgb_b[5]               ; Top       ; Output Port   ; n/a      ;                                            ;
;     -- lcd_out_rgb_b[5]        ; Top       ; Output Pad    ; Unplaced ; Synthesized                                ;
;     -- lcd_out_rgb_b[5]~output ; Top       ; Output Buffer ; Unplaced ; Synthesized                                ;
;                                ;           ;               ;          ;                                            ;
; lcd_out_rgb_b[6]               ; Top       ; Output Port   ; n/a      ;                                            ;
;     -- lcd_out_rgb_b[6]        ; Top       ; Output Pad    ; Unplaced ; Synthesized                                ;
;     -- lcd_out_rgb_b[6]~output ; Top       ; Output Buffer ; Unplaced ; Synthesized                                ;
;                                ;           ;               ;          ;                                            ;
; lcd_out_rgb_b[7]               ; Top       ; Output Port   ; n/a      ;                                            ;
;     -- lcd_out_rgb_b[7]        ; Top       ; Output Pad    ; Unplaced ; Synthesized                                ;
;     -- lcd_out_rgb_b[7]~output ; Top       ; Output Buffer ; Unplaced ; Synthesized                                ;
;                                ;           ;               ;          ;                                            ;
; lcd_out_rgb_g[0]               ; Top       ; Output Port   ; n/a      ;                                            ;
;     -- lcd_out_rgb_g[0]        ; Top       ; Output Pad    ; Unplaced ; Synthesized                                ;
;     -- lcd_out_rgb_g[0]~output ; Top       ; Output Buffer ; Unplaced ; Synthesized                                ;
;                                ;           ;               ;          ;                                            ;
; lcd_out_rgb_g[1]               ; Top       ; Output Port   ; n/a      ;                                            ;
;     -- lcd_out_rgb_g[1]        ; Top       ; Output Pad    ; Unplaced ; Synthesized                                ;
;     -- lcd_out_rgb_g[1]~output ; Top       ; Output Buffer ; Unplaced ; Synthesized                                ;
;                                ;           ;               ;          ;                                            ;
; lcd_out_rgb_g[2]               ; Top       ; Output Port   ; n/a      ;                                            ;
;     -- lcd_out_rgb_g[2]        ; Top       ; Output Pad    ; Unplaced ; Synthesized                                ;
;     -- lcd_out_rgb_g[2]~output ; Top       ; Output Buffer ; Unplaced ; Synthesized                                ;
;                                ;           ;               ;          ;                                            ;
; lcd_out_rgb_g[3]               ; Top       ; Output Port   ; n/a      ;                                            ;
;     -- lcd_out_rgb_g[3]        ; Top       ; Output Pad    ; Unplaced ; Synthesized                                ;
;     -- lcd_out_rgb_g[3]~output ; Top       ; Output Buffer ; Unplaced ; Synthesized                                ;
;                                ;           ;               ;          ;                                            ;
; lcd_out_rgb_g[4]               ; Top       ; Output Port   ; n/a      ;                                            ;
;     -- lcd_out_rgb_g[4]        ; Top       ; Output Pad    ; Unplaced ; Synthesized                                ;
;     -- lcd_out_rgb_g[4]~output ; Top       ; Output Buffer ; Unplaced ; Synthesized                                ;
;                                ;           ;               ;          ;                                            ;
; lcd_out_rgb_g[5]               ; Top       ; Output Port   ; n/a      ;                                            ;
;     -- lcd_out_rgb_g[5]        ; Top       ; Output Pad    ; Unplaced ; Synthesized                                ;
;     -- lcd_out_rgb_g[5]~output ; Top       ; Output Buffer ; Unplaced ; Synthesized                                ;
;                                ;           ;               ;          ;                                            ;
; lcd_out_rgb_g[6]               ; Top       ; Output Port   ; n/a      ;                                            ;
;     -- lcd_out_rgb_g[6]        ; Top       ; Output Pad    ; Unplaced ; Synthesized                                ;
;     -- lcd_out_rgb_g[6]~output ; Top       ; Output Buffer ; Unplaced ; Synthesized                                ;
;                                ;           ;               ;          ;                                            ;
; lcd_out_rgb_g[7]               ; Top       ; Output Port   ; n/a      ;                                            ;
;     -- lcd_out_rgb_g[7]        ; Top       ; Output Pad    ; Unplaced ; Synthesized                                ;
;     -- lcd_out_rgb_g[7]~output ; Top       ; Output Buffer ; Unplaced ; Synthesized                                ;
;                                ;           ;               ;          ;                                            ;
; lcd_out_rgb_r[0]               ; Top       ; Output Port   ; n/a      ;                                            ;
;     -- lcd_out_rgb_r[0]        ; Top       ; Output Pad    ; Unplaced ; Synthesized                                ;
;     -- lcd_out_rgb_r[0]~output ; Top       ; Output Buffer ; Unplaced ; Synthesized                                ;
;                                ;           ;               ;          ;                                            ;
; lcd_out_rgb_r[1]               ; Top       ; Output Port   ; n/a      ;                                            ;
;     -- lcd_out_rgb_r[1]        ; Top       ; Output Pad    ; Unplaced ; Synthesized                                ;
;     -- lcd_out_rgb_r[1]~output ; Top       ; Output Buffer ; Unplaced ; Synthesized                                ;
;                                ;           ;               ;          ;                                            ;
; lcd_out_rgb_r[2]               ; Top       ; Output Port   ; n/a      ;                                            ;
;     -- lcd_out_rgb_r[2]        ; Top       ; Output Pad    ; Unplaced ; Synthesized                                ;
;     -- lcd_out_rgb_r[2]~output ; Top       ; Output Buffer ; Unplaced ; Synthesized                                ;
;                                ;           ;               ;          ;                                            ;
; lcd_out_rgb_r[3]               ; Top       ; Output Port   ; n/a      ;                                            ;
;     -- lcd_out_rgb_r[3]        ; Top       ; Output Pad    ; Unplaced ; Synthesized                                ;
;     -- lcd_out_rgb_r[3]~output ; Top       ; Output Buffer ; Unplaced ; Synthesized                                ;
;                                ;           ;               ;          ;                                            ;
; lcd_out_rgb_r[4]               ; Top       ; Output Port   ; n/a      ;                                            ;
;     -- lcd_out_rgb_r[4]        ; Top       ; Output Pad    ; Unplaced ; Synthesized                                ;
;     -- lcd_out_rgb_r[4]~output ; Top       ; Output Buffer ; Unplaced ; Synthesized                                ;
;                                ;           ;               ;          ;                                            ;
; lcd_out_rgb_r[5]               ; Top       ; Output Port   ; n/a      ;                                            ;
;     -- lcd_out_rgb_r[5]        ; Top       ; Output Pad    ; Unplaced ; Synthesized                                ;
;     -- lcd_out_rgb_r[5]~output ; Top       ; Output Buffer ; Unplaced ; Synthesized                                ;
;                                ;           ;               ;          ;                                            ;
; lcd_out_rgb_r[6]               ; Top       ; Output Port   ; n/a      ;                                            ;
;     -- lcd_out_rgb_r[6]        ; Top       ; Output Pad    ; Unplaced ; Synthesized                                ;
;     -- lcd_out_rgb_r[6]~output ; Top       ; Output Buffer ; Unplaced ; Synthesized                                ;
;                                ;           ;               ;          ;                                            ;
; lcd_out_rgb_r[7]               ; Top       ; Output Port   ; n/a      ;                                            ;
;     -- lcd_out_rgb_r[7]        ; Top       ; Output Pad    ; Unplaced ; Synthesized                                ;
;     -- lcd_out_rgb_r[7]~output ; Top       ; Output Buffer ; Unplaced ; Synthesized                                ;
;                                ;           ;               ;          ;                                            ;
; lcd_out_vs                     ; Top       ; Output Port   ; n/a      ;                                            ;
;     -- lcd_out_vs              ; Top       ; Output Pad    ; Unplaced ; Synthesized                                ;
;     -- lcd_out_vs~output       ; Top       ; Output Buffer ; Unplaced ; Synthesized                                ;
;                                ;           ;               ;          ;                                            ;
; rst_n                          ; Top       ; Input Port    ; n/a      ;                                            ;
;     -- rst_n                   ; Top       ; Input Pad     ; Unplaced ; Synthesized                                ;
;     -- rst_n~input             ; Top       ; Input Buffer  ; Unplaced ; Synthesized                                ;
;                                ;           ;               ;          ;                                            ;
+--------------------------------+-----------+---------------+----------+--------------------------------------------+


+-----------------------------------------------------+
; Partition Merge Resource Usage Summary              ;
+---------------------------------------------+-------+
; Resource                                    ; Usage ;
+---------------------------------------------+-------+
; Estimated Total logic elements              ; 1,160 ;
;                                             ;       ;
; Total combinational functions               ; 1016  ;
; Logic element usage by number of LUT inputs ;       ;
;     -- 4 input functions                    ; 592   ;
;     -- 3 input functions                    ; 168   ;
;     -- <=2 input functions                  ; 256   ;
;                                             ;       ;
; Logic elements by mode                      ;       ;
;     -- normal mode                          ; 854   ;
;     -- arithmetic mode                      ; 162   ;
;                                             ;       ;
; Total registers                             ; 503   ;
;     -- Dedicated logic registers            ; 503   ;
;     -- I/O registers                        ; 0     ;
;                                             ;       ;
; I/O pins                                    ; 87    ;
; Total memory bits                           ; 16384 ;
; Embedded Multiplier 9-bit elements          ; 0     ;
; Total PLLs                                  ; 1     ;
;     -- PLLs                                 ; 1     ;
;                                             ;       ;
; Maximum fan-out                             ; 405   ;
; Total fan-out                               ; 6167  ;
; Average fan-out                             ; 3.54  ;
+---------------------------------------------+-------+


+------------------------------------------------------------------------------------------------------------------------------------------------------------------------------------------------------------------------------------------------------------------------------------------------------+
; Partition Merge RAM Summary                                                                                                                                                                                                                                                                          ;
+--------------------------------------------------------------------------------------------------------------------------------------------------------------------------------------------------+------+------------------+--------------+--------------+--------------+--------------+------+------+
; Name                                                                                                                                                                                             ; Type ; Mode             ; Port A Depth ; Port A Width ; Port B Depth ; Port B Width ; Size ; MIF  ;
+--------------------------------------------------------------------------------------------------------------------------------------------------------------------------------------------------+------+------------------+--------------+--------------+--------------+--------------+------+------+
; sdram_vga_top:u_sdram_vga_top|sdram_2fifo_top:u_sdram_2fifo_top|dcfifo_ctrl:u_dcfifo_ctrl|rdfifo:u_rdfifo|dcfifo:dcfifo_component|dcfifo_nen1:auto_generated|altsyncram_mf51:fifo_ram|ALTSYNCRAM ; AUTO ; Simple Dual Port ; 512          ; 16           ; 512          ; 16           ; 8192 ; None ;
; sdram_vga_top:u_sdram_vga_top|sdram_2fifo_top:u_sdram_2fifo_top|dcfifo_ctrl:u_dcfifo_ctrl|wrfifo:u_wrfifo|dcfifo:dcfifo_component|dcfifo_4en1:auto_generated|altsyncram_mf51:fifo_ram|ALTSYNCRAM ; AUTO ; Simple Dual Port ; 512          ; 16           ; 512          ; 16           ; 8192 ; None ;
+--------------------------------------------------------------------------------------------------------------------------------------------------------------------------------------------------+------+------------------+--------------+--------------+--------------+--------------+------+------+


+--------------------------+
; Partition Merge Messages ;
+--------------------------+
Info: *******************************************************************
Info: Running Quartus II 64-Bit Partition Merge
    Info: Version 12.1 Build 177 11/07/2012 SJ Full Version
    Info: Processing started: Thu Dec 29 21:34:53 2016
Info: Command: quartus_cdb --read_settings_files=off --write_settings_files=off sdram_ov7670_lcd -c sdram_ov7670_lcd --merge=on
Warning (35010): Previously generated Fitter netlist for partition "Top" is older than current Synthesis netlist -- using the current Synthesis netlist instead to ensure that the latest source changes are included
    Info (35011): Set the option to Ignore source file changes to force the Quartus II software to always use a previously generated Fitter netlist
Info (35007): Using synthesis netlist for partition "Top"
Info (35002): Resolved and merged 1 partition(s)
Info (16010): Generating hard_block partition "hard_block:auto_generated_inst"
    Info (16011): Adding 1 node(s), including 0 DDIO, 1 PLL, 0 transceiver and 0 LCELL
Info (21057): Implemented 1298 device resources after synthesis - the final resource count might be different
    Info (21058): Implemented 13 input pins
    Info (21059): Implemented 57 output pins
    Info (21060): Implemented 17 bidirectional pins
    Info (21061): Implemented 1178 logic cells
    Info (21064): Implemented 32 RAM segments
    Info (21065): Implemented 1 PLLs
Info: Quartus II 64-Bit Partition Merge was successful. 0 errors, 1 warning
    Info: Peak virtual memory: 434 megabytes
    Info: Processing ended: Thu Dec 29 21:34:54 2016
    Info: Elapsed time: 00:00:01
    Info: Total CPU time (on all processors): 00:00:01


