Flow report for sdram_ov7670_vga
Thu Dec 29 21:17:29 2016
Quartus II 64-Bit Version 12.1 Build 177 11/07/2012 SJ Full Version


---------------------
; Table of Contents ;
---------------------
  1. Legal Notice
  2. Flow Summary
  3. Flow Settings
  4. Flow Non-Default Global Settings
  5. Flow Elapsed Time
  6. Flow OS Summary
  7. Flow Log



----------------
; Legal Notice ;
----------------
Copyright (C) 1991-2012 Altera Corporation
Your use of Altera Corporation's design tools, logic functions 
and other software and tools, and its AMPP partner logic 
functions, and any output files from any of the foregoing 
(including device programming or simulation files), and any 
associated documentation or information are expressly subject 
to the terms and conditions of the Altera Program License 
Subscription Agreement, Altera MegaCore Function License 
Agreement, or other applicable license agreement, including, 
without limitation, that your use is for the sole purpose of 
programming logic devices manufactured by Altera and sold by 
Altera or its authorized distributors.  Please refer to the 
applicable agreement for further details.



+--------------------------------------------------------------------------------+
; Flow Summary                                                                   ;
+------------------------------------+-------------------------------------------+
; Flow Status                        ; Successful - Thu Dec 29 21:17:24 2016     ;
; Quartus II 64-Bit Version          ; 12.1 Build 177 11/07/2012 SJ Full Version ;
; Revision Name                      ; sdram_ov7670_vga                          ;
; Top-level Entity Name              ; sdram_ov7670_lcd                          ;
; Family                             ; Cyclone IV E                              ;
; Device                             ; EP4CE6F17C8                               ;
; Timing Models                      ; Final                                     ;
; Total logic elements               ; 1,133 / 6,272 ( 18 % )                    ;
;     Total combinational functions  ; 1,021 / 6,272 ( 16 % )                    ;
;     Dedicated logic registers      ; 503 / 6,272 ( 8 % )                       ;
; Total registers                    ; 503                                       ;
; Total pins                         ; 87 / 180 ( 48 % )                         ;
; Total virtual pins                 ; 0                                         ;
; Total memory bits                  ; 16,384 / 276,480 ( 6 % )                  ;
; Embedded Multiplier 9-bit elements ; 0 / 30 ( 0 % )                            ;
; Total PLLs                         ; 1 / 2 ( 50 % )                            ;
+------------------------------------+-------------------------------------------+


+-----------------------------------------+
; Flow Settings                           ;
+-------------------+---------------------+
; Option            ; Setting             ;
+-------------------+---------------------+
; Start date & time ; 12/29/2016 19:18:35 ;
; Main task         ; Compilation         ;
; Revision Name     ; sdram_ov7670_vga    ;
+-------------------+---------------------+


+--------------------------------------------------------------------+
; Flow Non-Default Global Settings                                   ;
+-----------------+-------+---------------+-------------+------------+
; Assignment Name ; Value ; Default Value ; Entity Name ; Section Id ;
+-----------------+-------+---------------+-------------+------------+


+-------------------------------------------------------------------------------------------------------------------------------+
; Flow Elapsed Time                                                                                                             ;
+---------------------------+--------------+-------------------------+---------------------+------------------------------------+
; Module Name               ; Elapsed Time ; Average Processors Used ; Peak Virtual Memory ; Total CPU Time (on all processors) ;
+---------------------------+--------------+-------------------------+---------------------+------------------------------------+
; Analysis & Synthesis      ; 00:00:07     ; 1.0                     ; 446 MB              ; 00:00:07                           ;
; Partition Merge           ; 00:00:00     ; 1.0                     ; 423 MB              ; 00:00:01                           ;
; Fitter                    ; 00:00:11     ; 1.3                     ; 662 MB              ; 00:00:11                           ;
; Assembler                 ; 00:00:01     ; 1.0                     ; 407 MB              ; 00:00:01                           ;
; TimeQuest Timing Analyzer ; 00:00:03     ; 1.0                     ; 485 MB              ; 00:00:04                           ;
; Analysis & Synthesis      ; 00:00:01     ; 1.0                     ; 430 MB              ; 00:00:01                           ;
; Analysis & Synthesis      ; 00:00:07     ; 1.0                     ; 464 MB              ; 00:00:07                           ;
; Partition Merge           ; 00:00:01     ; 1.0                     ; 434 MB              ; 00:00:01                           ;
; Fitter                    ; 00:00:11     ; 1.3                     ; 651 MB              ; 00:00:11                           ;
; Assembler                 ; 00:00:01     ; 1.0                     ; 407 MB              ; 00:00:01                           ;
; TimeQuest Timing Analyzer ; 00:00:04     ; 1.0                     ; 481 MB              ; 00:00:04                           ;
; Analysis & Synthesis      ; 00:00:01     ; 1.0                     ; 414 MB              ; 00:00:01                           ;
; Analysis & Synthesis      ; 00:00:07     ; 1.0                     ; 452 MB              ; 00:00:07                           ;
; Partition Merge           ; 00:00:01     ; 1.0                     ; 434 MB              ; 00:00:01                           ;
; Fitter                    ; 00:00:11     ; 1.2                     ; 662 MB              ; 00:00:12                           ;
; Assembler                 ; 00:00:01     ; 1.0                     ; 411 MB              ; 00:00:01                           ;
; TimeQuest Timing Analyzer ; 00:00:04     ; 1.0                     ; 477 MB              ; 00:00:04                           ;
; Analysis & Synthesis      ; 00:00:02     ; 1.0                     ; 452 MB              ; 00:00:02                           ;
; Partition Merge           ; 00:00:01     ; 1.0                     ; 434 MB              ; 00:00:01                           ;
; Fitter                    ; 00:00:02     ; 1.0                     ; 500 MB              ; 00:00:01                           ;
; Analysis & Synthesis      ; 00:00:02     ; 1.0                     ; 446 MB              ; 00:00:02                           ;
; Partition Merge           ; 00:00:01     ; 1.0                     ; 434 MB              ; 00:00:01                           ;
; Fitter                    ; 00:00:01     ; 1.0                     ; 500 MB              ; 00:00:01                           ;
; Analysis & Synthesis      ; 00:00:07     ; 1.0                     ; 452 MB              ; 00:00:07                           ;
; Partition Merge           ; 00:00:01     ; 1.0                     ; 423 MB              ; 00:00:01                           ;
; Fitter                    ; 00:00:11     ; 1.0                     ; 656 MB              ; 00:00:12                           ;
; Assembler                 ; 00:00:01     ; 1.0                     ; 411 MB              ; 00:00:01                           ;
; TimeQuest Timing Analyzer ; 00:00:04     ; 1.0                     ; 489 MB              ; 00:00:04                           ;
; Total                     ; 00:01:45     ; --                      ; --                  ; 00:01:48                           ;
+---------------------------+--------------+-------------------------+---------------------+------------------------------------+


+----------------------------------------------------------------------------------------+
; Flow OS Summary                                                                        ;
+---------------------------+------------------+-----------+------------+----------------+
; Module Name               ; Machine Hostname ; OS Name   ; OS Version ; Processor type ;
+---------------------------+------------------+-----------+------------+----------------+
; Analysis & Synthesis      ; LAOLUO-PC        ; Windows 7 ; 6.1        ; x86_64         ;
; Partition Merge           ; LAOLUO-PC        ; Windows 7 ; 6.1        ; x86_64         ;
; Fitter                    ; LAOLUO-PC        ; Windows 7 ; 6.1        ; x86_64         ;
; Assembler                 ; LAOLUO-PC        ; Windows 7 ; 6.1        ; x86_64         ;
; TimeQuest Timing Analyzer ; LAOLUO-PC        ; Windows 7 ; 6.1        ; x86_64         ;
; Analysis & Synthesis      ; LAOLUO-PC        ; Windows 7 ; 6.1        ; x86_64         ;
; Analysis & Synthesis      ; LAOLUO-PC        ; Windows 7 ; 6.1        ; x86_64         ;
; Partition Merge           ; LAOLUO-PC        ; Windows 7 ; 6.1        ; x86_64         ;
; Fitter                    ; LAOLUO-PC        ; Windows 7 ; 6.1        ; x86_64         ;
; Assembler                 ; LAOLUO-PC        ; Windows 7 ; 6.1        ; x86_64         ;
; TimeQuest Timing Analyzer ; LAOLUO-PC        ; Windows 7 ; 6.1        ; x86_64         ;
; Analysis & Synthesis      ; LAOLUO-PC        ; Windows 7 ; 6.1        ; x86_64         ;
; Analysis & Synthesis      ; LAOLUO-PC        ; Windows 7 ; 6.1        ; x86_64         ;
; Partition Merge           ; LAOLUO-PC        ; Windows 7 ; 6.1        ; x86_64         ;
; Fitter                    ; LAOLUO-PC        ; Windows 7 ; 6.1        ; x86_64         ;
; Assembler                 ; LAOLUO-PC        ; Windows 7 ; 6.1        ; x86_64         ;
; TimeQuest Timing Analyzer ; LAOLUO-PC        ; Windows 7 ; 6.1        ; x86_64         ;
; Analysis & Synthesis      ; LAOLUO-PC        ; Windows 7 ; 6.1        ; x86_64         ;
; Partition Merge           ; LAOLUO-PC        ; Windows 7 ; 6.1        ; x86_64         ;
; Fitter                    ; LAOLUO-PC        ; Windows 7 ; 6.1        ; x86_64         ;
; Analysis & Synthesis      ; LAOLUO-PC        ; Windows 7 ; 6.1        ; x86_64         ;
; Partition Merge           ; LAOLUO-PC        ; Windows 7 ; 6.1        ; x86_64         ;
; Fitter                    ; LAOLUO-PC        ; Windows 7 ; 6.1        ; x86_64         ;
; Analysis & Synthesis      ; LAOLUO-PC        ; Windows 7 ; 6.1        ; x86_64         ;
; Partition Merge           ; LAOLUO-PC        ; Windows 7 ; 6.1        ; x86_64         ;
; Fitter                    ; LAOLUO-PC        ; Windows 7 ; 6.1        ; x86_64         ;
; Assembler                 ; LAOLUO-PC        ; Windows 7 ; 6.1        ; x86_64         ;
; TimeQuest Timing Analyzer ; LAOLUO-PC        ; Windows 7 ; 6.1        ; x86_64         ;
+---------------------------+------------------+-----------+------------+----------------+


------------
; Flow Log ;
------------
quartus_sh --disable_all_banners --restore -output E:/AX301/sdram_ov7670_lcd -disable_search_path_update sdram_ov7670_vga_tmp_archive.qar
quartus_map --read_settings_files=on --write_settings_files=off sdram_ov7670_lcd -c sdram_ov7670_vga
quartus_cdb --read_settings_files=off --write_settings_files=off sdram_ov7670_lcd -c sdram_ov7670_vga --merge=on
quartus_fit --read_settings_files=off --write_settings_files=off sdram_ov7670_lcd -c sdram_ov7670_vga
quartus_asm --read_settings_files=off --write_settings_files=off sdram_ov7670_lcd -c sdram_ov7670_vga
quartus_sta sdram_ov7670_lcd -c sdram_ov7670_vga
quartus_map --read_settings_files=on --write_settings_files=off sdram_ov7670_lcd -c sdram_ov7670_vga
quartus_map --read_settings_files=on --write_settings_files=off sdram_ov7670_lcd -c sdram_ov7670_vga
quartus_cdb --read_settings_files=off --write_settings_files=off sdram_ov7670_lcd -c sdram_ov7670_vga --merge=on
quartus_fit --read_settings_files=off --write_settings_files=off sdram_ov7670_lcd -c sdram_ov7670_vga
quartus_asm --read_settings_files=off --write_settings_files=off sdram_ov7670_lcd -c sdram_ov7670_vga
quartus_sta sdram_ov7670_lcd -c sdram_ov7670_vga
quartus_map --read_settings_files=on --write_settings_files=off sdram_ov7670_lcd -c sdram_ov7670_vga
quartus_map --read_settings_files=on --write_settings_files=off sdram_ov7670_lcd -c sdram_ov7670_vga
quartus_cdb --read_settings_files=off --write_settings_files=off sdram_ov7670_lcd -c sdram_ov7670_vga --merge=on
quartus_fit --read_settings_files=off --write_settings_files=off sdram_ov7670_lcd -c sdram_ov7670_vga
quartus_asm --read_settings_files=off --write_settings_files=off sdram_ov7670_lcd -c sdram_ov7670_vga
quartus_sta sdram_ov7670_lcd -c sdram_ov7670_vga
quartus_map --read_settings_files=on --write_settings_files=off sdram_ov7670_lcd -c sdram_ov7670_vga
quartus_cdb --read_settings_files=off --write_settings_files=off sdram_ov7670_lcd -c sdram_ov7670_vga --merge=on
quartus_fit --read_settings_files=off --write_settings_files=off sdram_ov7670_lcd -c sdram_ov7670_vga
quartus_map --read_settings_files=on --write_settings_files=off sdram_ov7670_lcd -c sdram_ov7670_vga
quartus_cdb --read_settings_files=off --write_settings_files=off sdram_ov7670_lcd -c sdram_ov7670_vga --merge=on
quartus_fit --read_settings_files=off --write_settings_files=off sdram_ov7670_lcd -c sdram_ov7670_vga
quartus_map --read_settings_files=on --write_settings_files=off sdram_ov7670_lcd -c sdram_ov7670_vga
quartus_cdb --read_settings_files=off --write_settings_files=off sdram_ov7670_lcd -c sdram_ov7670_vga --merge=on
quartus_fit --read_settings_files=off --write_settings_files=off sdram_ov7670_lcd -c sdram_ov7670_vga
quartus_asm --read_settings_files=off --write_settings_files=off sdram_ov7670_lcd -c sdram_ov7670_vga
quartus_sta sdram_ov7670_lcd -c sdram_ov7670_vga



