EDA Netlist Writer report for hello_world
Wed Jun 21 13:25:57 2017
Quartus Prime Version 16.1.0 Build 196 10/24/2016 SJ Lite Edition


---------------------
; Table of Contents ;
---------------------
  1. Legal Notice
  2. EDA Netlist Writer Summary
  3. EDA Netlist Writer Messages



----------------
; Legal Notice ;
----------------
Copyright (C) 2016  Intel Corporation. All rights reserved.
Your use of Intel Corporation's design tools, logic functions 
and other software and tools, and its AMPP partner logic 
functions, and any output files from any of the foregoing 
(including device programming or simulation files), and any 
associated documentation or information are expressly subject 
to the terms and conditions of the Intel Program License 
Subscription Agreement, the Intel Quartus Prime License Agreement,
the Intel MegaCore Function License Agreement, or other 
applicable license agreement, including, without limitation, 
that your use is for the sole purpose of programming logic 
devices manufactured by Intel and sold by Intel or its 
authorized distributors.  Please refer to the applicable 
agreement for further details.



+---------------------------------------------------------------+
; EDA Netlist Writer Summary                                    ;
+---------------------------+-----------------------------------+
; EDA Netlist Writer Status ; Failed - Wed Jun 21 13:25:57 2017 ;
; Revision Name             ; hello_world                       ;
; Top-level Entity Name     ; hello_world                       ;
; Family                    ; Cyclone IV E                      ;
+---------------------------+-----------------------------------+


+-----------------------------+
; EDA Netlist Writer Messages ;
+-----------------------------+
Info: *******************************************************************
Info: Running Quartus Prime EDA Netlist Writer
    Info: Version 16.1.0 Build 196 10/24/2016 SJ Lite Edition
    Info: Processing started: Wed Jun 21 13:25:55 2017
Info: Command: quartus_eda --read_settings_files=off --write_settings_files=off hello_world -c hello_world
Warning (18236): Number of processors has not been specified which may cause overloading on shared machines.  Set the global assignment NUM_PARALLEL_PROCESSORS in your QSF to an appropriate value for best performance.
Error (204012): Can't generate netlist output files because the file "E:/FPGAsave/niosII/kernel/synthesis/submodules/kernel_nios2_cpu.v" is an OpenCore Plus time-limited file. Remove the unlicensed cores or obtain a license for those OpenCore Plus time-limited IP cores used in the design. The Intel FPGA Knowledge Database contains many articles with specific details on how to resolve this error. Visit the Knowledge Database at https://www.altera.com/support/support-resources/knowledge-base/search.html and search for this specific error message number.
Error (204009): Can't generate netlist output files because the license for encrypted file "E:/FPGAsave/niosII/kernel/synthesis/submodules/kernel_nios2_cpu.v" is not available
Error (204012): Can't generate netlist output files because the file "E:/FPGAsave/niosII/kernel/synthesis/submodules/kernel_nios2_cpu.v" is an OpenCore Plus time-limited file. Remove the unlicensed cores or obtain a license for those OpenCore Plus time-limited IP cores used in the design. The Intel FPGA Knowledge Database contains many articles with specific details on how to resolve this error. Visit the Knowledge Database at https://www.altera.com/support/support-resources/knowledge-base/search.html and search for this specific error message number.
Error (204009): Can't generate netlist output files because the license for encrypted file "E:/FPGAsave/niosII/kernel/synthesis/submodules/kernel_nios2_cpu.v" is not available
Error (204012): Can't generate netlist output files because the file "E:/FPGAsave/niosII/kernel/synthesis/submodules/kernel_nios2_cpu.v" is an OpenCore Plus time-limited file. Remove the unlicensed cores or obtain a license for those OpenCore Plus time-limited IP cores used in the design. The Intel FPGA Knowledge Database contains many articles with specific details on how to resolve this error. Visit the Knowledge Database at https://www.altera.com/support/support-resources/knowledge-base/search.html and search for this specific error message number.
Error (204009): Can't generate netlist output files because the license for encrypted file "E:/FPGAsave/niosII/kernel/synthesis/submodules/kernel_nios2_cpu.v" is not available
Error: Quartus Prime EDA Netlist Writer was unsuccessful. 6 errors, 1 warning
    Error: Peak virtual memory: 556 megabytes
    Error: Processing ended: Wed Jun 21 13:25:58 2017
    Error: Elapsed time: 00:00:03
    Error: Total CPU time (on all processors): 00:00:02


