Flow report for hello_world
Wed Jun 21 13:25:57 2017
Quartus Prime Version 16.1.0 Build 196 10/24/2016 SJ Lite Edition


---------------------
; Table of Contents ;
---------------------
  1. Legal Notice
  2. Flow Summary
  3. Flow Settings
  4. Flow Non-Default Global Settings
  5. Flow Elapsed Time
  6. Flow OS Summary
  7. Flow Log
  8. Flow Messages
  9. Flow Suppressed Messages



----------------
; Legal Notice ;
----------------
Copyright (C) 2016  Intel Corporation. All rights reserved.
Your use of Intel Corporation's design tools, logic functions 
and other software and tools, and its AMPP partner logic 
functions, and any output files from any of the foregoing 
(including device programming or simulation files), and any 
associated documentation or information are expressly subject 
to the terms and conditions of the Intel Program License 
Subscription Agreement, the Intel Quartus Prime License Agreement,
the Intel MegaCore Function License Agreement, or other 
applicable license agreement, including, without limitation, 
that your use is for the sole purpose of programming logic 
devices manufactured by Intel and sold by Intel or its 
authorized distributors.  Please refer to the applicable 
agreement for further details.



+-------------------------------------------------------------------------------------------+
; Flow Summary                                                                              ;
+------------------------------------+------------------------------------------------------+
; Flow Status                        ; EDA Netlist Writer Failed - Wed Jun 21 13:25:57 2017 ;
; Quartus Prime Version              ; 16.1.0 Build 196 10/24/2016 SJ Lite Edition          ;
; Revision Name                      ; hello_world                                          ;
; Top-level Entity Name              ; hello_world                                          ;
; Family                             ; Cyclone IV E                                         ;
; Device                             ; EP4CE6F17C8                                          ;
; Timing Models                      ; Final                                                ;
; Total logic elements               ; 4,093 / 6,272 ( 65 % )                               ;
;     Total combinational functions  ; 3,533 / 6,272 ( 56 % )                               ;
;     Dedicated logic registers      ; 2,559 / 6,272 ( 41 % )                               ;
; Total registers                    ; 2628                                                 ;
; Total pins                         ; 43 / 180 ( 24 % )                                    ;
; Total virtual pins                 ; 0                                                    ;
; Total memory bits                  ; 65,280 / 276,480 ( 24 % )                            ;
; Embedded Multiplier 9-bit elements ; 6 / 30 ( 20 % )                                      ;
; Total PLLs                         ; 1 / 2 ( 50 % )                                       ;
+------------------------------------+------------------------------------------------------+


+-----------------------------------------+
; Flow Settings                           ;
+-------------------+---------------------+
; Option            ; Setting             ;
+-------------------+---------------------+
; Start date & time ; 06/21/2017 13:24:34 ;
; Main task         ; Compilation         ;
; Revision Name     ; hello_world         ;
+-------------------+---------------------+


+-----------------------------------------------------------------------------------------------------------------------------------------------+
; Flow Non-Default Global Settings                                                                                                              ;
+-------------------------------------+----------------------------------------------------------+---------------+-------------+----------------+
; Assignment Name                     ; Value                                                    ; Default Value ; Entity Name ; Section Id     ;
+-------------------------------------+----------------------------------------------------------+---------------+-------------+----------------+
; COMPILER_SIGNATURE_ID               ; 88491846096821.149802267414492                           ; --            ; --          ; --             ;
; EDA_OUTPUT_DATA_FORMAT              ; Vhdl                                                     ; --            ; --          ; eda_simulation ;
; EDA_SIMULATION_TOOL                 ; ModelSim-Altera (VHDL)                                   ; <None>        ; --          ; --             ;
; EDA_TIME_SCALE                      ; 1 ps                                                     ; --            ; --          ; eda_simulation ;
; MAX_CORE_JUNCTION_TEMP              ; 85                                                       ; --            ; --          ; --             ;
; MIN_CORE_JUNCTION_TEMP              ; 0                                                        ; --            ; --          ; --             ;
; MISC_FILE                           ; kernel/synthesis/../kernel.cmp                           ; --            ; --          ; --             ;
; MISC_FILE                           ; kernel/synthesis/../../kernel.qsys                       ; --            ; --          ; --             ;
; MISC_FILE                           ; pll.bsf                                                  ; --            ; --          ; --             ;
; MISC_FILE                           ; pll_inst.vhd                                             ; --            ; --          ; --             ;
; MISC_FILE                           ; pll.cmp                                                  ; --            ; --          ; --             ;
; MISC_FILE                           ; pll.ppf                                                  ; --            ; --          ; --             ;
; OUTPUT_IO_TIMING_FAR_END_VMEAS      ; Half Signal Swing                                        ; --            ; --          ; --             ;
; OUTPUT_IO_TIMING_FAR_END_VMEAS      ; Half Signal Swing                                        ; --            ; --          ; --             ;
; OUTPUT_IO_TIMING_NEAR_END_VMEAS     ; Half Vccio                                               ; --            ; --          ; --             ;
; OUTPUT_IO_TIMING_NEAR_END_VMEAS     ; Half Vccio                                               ; --            ; --          ; --             ;
; PARTITION_COLOR                     ; -- (Not supported for targeted family)                   ; --            ; --          ; Top            ;
; PARTITION_FITTER_PRESERVATION_LEVEL ; -- (Not supported for targeted family)                   ; --            ; --          ; Top            ;
; PARTITION_NETLIST_TYPE              ; -- (Not supported for targeted family)                   ; --            ; --          ; Top            ;
; POWER_BOARD_THERMAL_MODEL           ; None (CONSERVATIVE)                                      ; --            ; --          ; --             ;
; POWER_PRESET_COOLING_SOLUTION       ; 23 MM HEAT SINK WITH 200 LFPM AIRFLOW                    ; --            ; --          ; --             ;
; PROJECT_OUTPUT_DIRECTORY            ; output_files                                             ; --            ; --          ; --             ;
; SLD_FILE                            ; kernel/synthesis/kernel.regmap                           ; --            ; --          ; --             ;
; SLD_FILE                            ; kernel/synthesis/kernel.debuginfo                        ; --            ; --          ; --             ;
; SLD_INFO                            ; QSYS_NAME kernel HAS_SOPCINFO 1 GENERATION_ID 1498021502 ; --            ; kernel      ; --             ;
; SOPCINFO_FILE                       ; kernel/synthesis/../../kernel.sopcinfo                   ; --            ; --          ; --             ;
; SYNTHESIS_ONLY_QIP                  ; On                                                       ; --            ; --          ; --             ;
+-------------------------------------+----------------------------------------------------------+---------------+-------------+----------------+


+-------------------------------------------------------------------------------------------------------------------------------+
; Flow Elapsed Time                                                                                                             ;
+---------------------------+--------------+-------------------------+---------------------+------------------------------------+
; Module Name               ; Elapsed Time ; Average Processors Used ; Peak Virtual Memory ; Total CPU Time (on all processors) ;
+---------------------------+--------------+-------------------------+---------------------+------------------------------------+
; Analysis & Synthesis      ; 00:00:51     ; 1.0                     ; 837 MB              ; 00:01:19                           ;
; Fitter                    ; 00:00:17     ; 1.1                     ; 1175 MB             ; 00:00:20                           ;
; Assembler                 ; 00:00:02     ; 1.0                     ; 576 MB              ; 00:00:02                           ;
; TimeQuest Timing Analyzer ; 00:00:04     ; 1.1                     ; 672 MB              ; 00:00:04                           ;
; EDA Netlist Writer        ; 00:00:02     ; 1.0                     ; 556 MB              ; 00:00:02                           ;
; Total                     ; 00:01:16     ; --                      ; --                  ; 00:01:47                           ;
+---------------------------+--------------+-------------------------+---------------------+------------------------------------+


+-----------------------------------------------------------------------------------------+
; Flow OS Summary                                                                         ;
+---------------------------+------------------+------------+------------+----------------+
; Module Name               ; Machine Hostname ; OS Name    ; OS Version ; Processor type ;
+---------------------------+------------------+------------+------------+----------------+
; Analysis & Synthesis      ; DESKTOP-UNAFDVJ  ; Windows 10 ; 10.0       ; x86_64         ;
; Fitter                    ; DESKTOP-UNAFDVJ  ; Windows 10 ; 10.0       ; x86_64         ;
; Assembler                 ; DESKTOP-UNAFDVJ  ; Windows 10 ; 10.0       ; x86_64         ;
; TimeQuest Timing Analyzer ; DESKTOP-UNAFDVJ  ; Windows 10 ; 10.0       ; x86_64         ;
; EDA Netlist Writer        ; DESKTOP-UNAFDVJ  ; Windows 10 ; 10.0       ; x86_64         ;
+---------------------------+------------------+------------+------------+----------------+


------------
; Flow Log ;
------------
quartus_map --read_settings_files=on --write_settings_files=off hello_world -c hello_world
quartus_fit --read_settings_files=off --write_settings_files=off hello_world -c hello_world
quartus_asm --read_settings_files=off --write_settings_files=off hello_world -c hello_world
quartus_sta hello_world -c hello_world
quartus_eda --read_settings_files=off --write_settings_files=off hello_world -c hello_world



