Analysis & Synthesis report for data_collect
Thu Jun 08 13:30:46 2017
Quartus Prime Version 16.1.0 Build 196 10/24/2016 SJ Lite Edition


---------------------
; Table of Contents ;
---------------------
  1. Legal Notice
  2. Analysis & Synthesis Summary
  3. Analysis & Synthesis Settings
  4. Parallel Compilation
  5. Analysis & Synthesis Source Files Read
  6. Analysis & Synthesis Resource Usage Summary
  7. Analysis & Synthesis Resource Utilization by Entity
  8. State Machine - |data_collect|shuma:u2|cs
  9. State Machine - |data_collect|ADC0809:u1|cs
 10. Registers Removed During Synthesis
 11. General Register Statistics
 12. Parameter Settings for Inferred Entity Instance: shuma:u2|lpm_divide:Mod1
 13. Parameter Settings for Inferred Entity Instance: shuma:u2|lpm_divide:Mod2
 14. Parameter Settings for Inferred Entity Instance: shuma:u2|lpm_divide:Mod0
 15. Port Connectivity Checks: "ADC0809:u1"
 16. Post-Synthesis Netlist Statistics for Top Partition
 17. Elapsed Time Per Partition
 18. Analysis & Synthesis Messages



----------------
; Legal Notice ;
----------------
Copyright (C) 2016  Intel Corporation. All rights reserved.
Your use of Intel Corporation's design tools, logic functions 
and other software and tools, and its AMPP partner logic 
functions, and any output files from any of the foregoing 
(including device programming or simulation files), and any 
associated documentation or information are expressly subject 
to the terms and conditions of the Intel Program License 
Subscription Agreement, the Intel Quartus Prime License Agreement,
the Intel MegaCore Function License Agreement, or other 
applicable license agreement, including, without limitation, 
that your use is for the sole purpose of programming logic 
devices manufactured by Intel and sold by Intel or its 
authorized distributors.  Please refer to the applicable 
agreement for further details.



+----------------------------------------------------------------------------------+
; Analysis & Synthesis Summary                                                     ;
+------------------------------------+---------------------------------------------+
; Analysis & Synthesis Status        ; Successful - Thu Jun 08 13:30:46 2017       ;
; Quartus Prime Version              ; 16.1.0 Build 196 10/24/2016 SJ Lite Edition ;
; Revision Name                      ; data_collect                                ;
; Top-level Entity Name              ; data_collect                                ;
; Family                             ; Cyclone IV E                                ;
; Total logic elements               ; 177                                         ;
;     Total combinational functions  ; 164                                         ;
;     Dedicated logic registers      ; 19                                          ;
; Total registers                    ; 19                                          ;
; Total pins                         ; 29                                          ;
; Total virtual pins                 ; 0                                           ;
; Total memory bits                  ; 0                                           ;
; Embedded Multiplier 9-bit elements ; 0                                           ;
; Total PLLs                         ; 0                                           ;
+------------------------------------+---------------------------------------------+


+----------------------------------------------------------------------------------------------------------------------+
; Analysis & Synthesis Settings                                                                                        ;
+----------------------------------------------------------------------------+--------------------+--------------------+
; Option                                                                     ; Setting            ; Default Value      ;
+----------------------------------------------------------------------------+--------------------+--------------------+
; Device                                                                     ; EP4CE6F17C8        ;                    ;
; Top-level entity name                                                      ; data_collect       ; data_collect       ;
; Family name                                                                ; Cyclone IV E       ; Cyclone V          ;
; Use smart compilation                                                      ; Off                ; Off                ;
; Enable parallel Assembler and TimeQuest Timing Analyzer during compilation ; On                 ; On                 ;
; Enable compact report table                                                ; Off                ; Off                ;
; Restructure Multiplexers                                                   ; Auto               ; Auto               ;
; Create Debugging Nodes for IP Cores                                        ; Off                ; Off                ;
; Preserve fewer node names                                                  ; On                 ; On                 ;
; OpenCore Plus hardware evaluation                                          ; Enable             ; Enable             ;
; Verilog Version                                                            ; Verilog_2001       ; Verilog_2001       ;
; VHDL Version                                                               ; VHDL_1993          ; VHDL_1993          ;
; State Machine Processing                                                   ; Auto               ; Auto               ;
; Safe State Machine                                                         ; Off                ; Off                ;
; Extract Verilog State Machines                                             ; On                 ; On                 ;
; Extract VHDL State Machines                                                ; On                 ; On                 ;
; Ignore Verilog initial constructs                                          ; Off                ; Off                ;
; Iteration limit for constant Verilog loops                                 ; 5000               ; 5000               ;
; Iteration limit for non-constant Verilog loops                             ; 250                ; 250                ;
; Add Pass-Through Logic to Inferred RAMs                                    ; On                 ; On                 ;
; Infer RAMs from Raw Logic                                                  ; On                 ; On                 ;
; Parallel Synthesis                                                         ; On                 ; On                 ;
; DSP Block Balancing                                                        ; Auto               ; Auto               ;
; NOT Gate Push-Back                                                         ; On                 ; On                 ;
; Power-Up Don't Care                                                        ; On                 ; On                 ;
; Remove Redundant Logic Cells                                               ; Off                ; Off                ;
; Remove Duplicate Registers                                                 ; On                 ; On                 ;
; Ignore CARRY Buffers                                                       ; Off                ; Off                ;
; Ignore CASCADE Buffers                                                     ; Off                ; Off                ;
; Ignore GLOBAL Buffers                                                      ; Off                ; Off                ;
; Ignore ROW GLOBAL Buffers                                                  ; Off                ; Off                ;
; Ignore LCELL Buffers                                                       ; Off                ; Off                ;
; Ignore SOFT Buffers                                                        ; On                 ; On                 ;
; Limit AHDL Integers to 32 Bits                                             ; Off                ; Off                ;
; Optimization Technique                                                     ; Balanced           ; Balanced           ;
; Carry Chain Length                                                         ; 70                 ; 70                 ;
; Auto Carry Chains                                                          ; On                 ; On                 ;
; Auto Open-Drain Pins                                                       ; On                 ; On                 ;
; Perform WYSIWYG Primitive Resynthesis                                      ; Off                ; Off                ;
; Auto ROM Replacement                                                       ; On                 ; On                 ;
; Auto RAM Replacement                                                       ; On                 ; On                 ;
; Auto DSP Block Replacement                                                 ; On                 ; On                 ;
; Auto Shift Register Replacement                                            ; Auto               ; Auto               ;
; Allow Shift Register Merging across Hierarchies                            ; Auto               ; Auto               ;
; Auto Clock Enable Replacement                                              ; On                 ; On                 ;
; Strict RAM Replacement                                                     ; Off                ; Off                ;
; Allow Synchronous Control Signals                                          ; On                 ; On                 ;
; Force Use of Synchronous Clear Signals                                     ; Off                ; Off                ;
; Auto RAM Block Balancing                                                   ; On                 ; On                 ;
; Auto RAM to Logic Cell Conversion                                          ; Off                ; Off                ;
; Auto Resource Sharing                                                      ; Off                ; Off                ;
; Allow Any RAM Size For Recognition                                         ; Off                ; Off                ;
; Allow Any ROM Size For Recognition                                         ; Off                ; Off                ;
; Allow Any Shift Register Size For Recognition                              ; Off                ; Off                ;
; Use LogicLock Constraints during Resource Balancing                        ; On                 ; On                 ;
; Ignore translate_off and synthesis_off directives                          ; Off                ; Off                ;
; Timing-Driven Synthesis                                                    ; On                 ; On                 ;
; Report Parameter Settings                                                  ; On                 ; On                 ;
; Report Source Assignments                                                  ; On                 ; On                 ;
; Report Connectivity Checks                                                 ; On                 ; On                 ;
; Ignore Maximum Fan-Out Assignments                                         ; Off                ; Off                ;
; Synchronization Register Chain Length                                      ; 2                  ; 2                  ;
; PowerPlay Power Optimization During Synthesis                              ; Normal compilation ; Normal compilation ;
; HDL message level                                                          ; Level2             ; Level2             ;
; Suppress Register Optimization Related Messages                            ; Off                ; Off                ;
; Number of Removed Registers Reported in Synthesis Report                   ; 5000               ; 5000               ;
; Number of Swept Nodes Reported in Synthesis Report                         ; 5000               ; 5000               ;
; Number of Inverted Registers Reported in Synthesis Report                  ; 100                ; 100                ;
; Clock MUX Protection                                                       ; On                 ; On                 ;
; Auto Gated Clock Conversion                                                ; Off                ; Off                ;
; Block Design Naming                                                        ; Auto               ; Auto               ;
; SDC constraint protection                                                  ; Off                ; Off                ;
; Synthesis Effort                                                           ; Auto               ; Auto               ;
; Shift Register Replacement - Allow Asynchronous Clear Signal               ; On                 ; On                 ;
; Pre-Mapping Resynthesis Optimization                                       ; Off                ; Off                ;
; Analysis & Synthesis Message Level                                         ; Medium             ; Medium             ;
; Disable Register Merging Across Hierarchies                                ; Auto               ; Auto               ;
; Resource Aware Inference For Block RAM                                     ; On                 ; On                 ;
+----------------------------------------------------------------------------+--------------------+--------------------+


+------------------------------------------+
; Parallel Compilation                     ;
+----------------------------+-------------+
; Processors                 ; Number      ;
+----------------------------+-------------+
; Number detected on machine ; 4           ;
; Maximum allowed            ; 2           ;
;                            ;             ;
; Average used               ; 1.00        ;
; Maximum used               ; 2           ;
;                            ;             ;
; Usage by Processor         ; % Time Used ;
;     Processor 1            ; 100.0%      ;
;     Processor 2            ;   0.0%      ;
+----------------------------+-------------+


+--------------------------------------------------------------------------------------------------------------------------------------------------------------------------+
; Analysis & Synthesis Source Files Read                                                                                                                                   ;
+----------------------------------+-----------------+------------------------------+----------------------------------------------------------------------------+---------+
; File Name with User-Entered Path ; Used in Netlist ; File Type                    ; File Name with Absolute Path                                               ; Library ;
+----------------------------------+-----------------+------------------------------+----------------------------------------------------------------------------+---------+
; data_collect.vhd                 ; yes             ; User VHDL File               ; E:/FPGAsave/data_collect/data_collect.vhd                                  ;         ;
; shuma.vhd                        ; yes             ; User VHDL File               ; E:/FPGAsave/data_collect/shuma.vhd                                         ;         ;
; ADC0809.vhd                      ; yes             ; User VHDL File               ; E:/FPGAsave/data_collect/ADC0809.vhd                                       ;         ;
; lpm_divide.tdf                   ; yes             ; Megafunction                 ; c:/intelfpga_lite/16.1/quartus/libraries/megafunctions/lpm_divide.tdf      ;         ;
; abs_divider.inc                  ; yes             ; Megafunction                 ; c:/intelfpga_lite/16.1/quartus/libraries/megafunctions/abs_divider.inc     ;         ;
; sign_div_unsign.inc              ; yes             ; Megafunction                 ; c:/intelfpga_lite/16.1/quartus/libraries/megafunctions/sign_div_unsign.inc ;         ;
; aglobal161.inc                   ; yes             ; Megafunction                 ; c:/intelfpga_lite/16.1/quartus/libraries/megafunctions/aglobal161.inc      ;         ;
; db/lpm_divide_q9m.tdf            ; yes             ; Auto-Generated Megafunction  ; E:/FPGAsave/data_collect/db/lpm_divide_q9m.tdf                             ;         ;
; db/sign_div_unsign_fkh.tdf       ; yes             ; Auto-Generated Megafunction  ; E:/FPGAsave/data_collect/db/sign_div_unsign_fkh.tdf                        ;         ;
; db/alt_u_div_i4f.tdf             ; yes             ; Auto-Generated Megafunction  ; E:/FPGAsave/data_collect/db/alt_u_div_i4f.tdf                              ;         ;
; db/add_sub_7pc.tdf               ; yes             ; Auto-Generated Megafunction  ; E:/FPGAsave/data_collect/db/add_sub_7pc.tdf                                ;         ;
; db/add_sub_8pc.tdf               ; yes             ; Auto-Generated Megafunction  ; E:/FPGAsave/data_collect/db/add_sub_8pc.tdf                                ;         ;
; db/lpm_divide_i9m.tdf            ; yes             ; Auto-Generated Megafunction  ; E:/FPGAsave/data_collect/db/lpm_divide_i9m.tdf                             ;         ;
; db/sign_div_unsign_7kh.tdf       ; yes             ; Auto-Generated Megafunction  ; E:/FPGAsave/data_collect/db/sign_div_unsign_7kh.tdf                        ;         ;
; db/alt_u_div_24f.tdf             ; yes             ; Auto-Generated Megafunction  ; E:/FPGAsave/data_collect/db/alt_u_div_24f.tdf                              ;         ;
+----------------------------------+-----------------+------------------------------+----------------------------------------------------------------------------+---------+


+-----------------------------------------------------------------------------------------------------------------------------------------------------------------------------------+
; Analysis & Synthesis Resource Usage Summary                                                                                                                                       ;
+---------------------------------------------+-------------------------------------------------------------------------------------------------------------------------------------+
; Resource                                    ; Usage                                                                                                                               ;
+---------------------------------------------+-------------------------------------------------------------------------------------------------------------------------------------+
; Estimated Total logic elements              ; 177                                                                                                                                 ;
;                                             ;                                                                                                                                     ;
; Total combinational functions               ; 164                                                                                                                                 ;
; Logic element usage by number of LUT inputs ;                                                                                                                                     ;
;     -- 4 input functions                    ; 45                                                                                                                                  ;
;     -- 3 input functions                    ; 42                                                                                                                                  ;
;     -- <=2 input functions                  ; 77                                                                                                                                  ;
;                                             ;                                                                                                                                     ;
; Logic elements by mode                      ;                                                                                                                                     ;
;     -- normal mode                          ; 125                                                                                                                                 ;
;     -- arithmetic mode                      ; 39                                                                                                                                  ;
;                                             ;                                                                                                                                     ;
; Total registers                             ; 19                                                                                                                                  ;
;     -- Dedicated logic registers            ; 19                                                                                                                                  ;
;     -- I/O registers                        ; 0                                                                                                                                   ;
;                                             ;                                                                                                                                     ;
; I/O pins                                    ; 29                                                                                                                                  ;
;                                             ;                                                                                                                                     ;
; Embedded Multiplier 9-bit elements          ; 0                                                                                                                                   ;
;                                             ;                                                                                                                                     ;
; Maximum fan-out node                        ; shuma:u2|lpm_divide:Mod0|lpm_divide_q9m:auto_generated|sign_div_unsign_fkh:divider|alt_u_div_i4f:divider|add_sub_5_result_int[6]~10 ;
; Maximum fan-out                             ; 17                                                                                                                                  ;
; Total fan-out                               ; 534                                                                                                                                 ;
; Average fan-out                             ; 2.22                                                                                                                                ;
+---------------------------------------------+-------------------------------------------------------------------------------------------------------------------------------------+


+------------------------------------------------------------------------------------------------------------------------------------------------------------------------------------------------------------------------------------------------------------------------------------------------------------------------------------+
; Analysis & Synthesis Resource Utilization by Entity                                                                                                                                                                                                                                                                                ;
+-------------------------------------------+---------------------+---------------------------+-------------+--------------+---------+-----------+------+--------------+------------------------------------------------------------------------------------------------------------------------+---------------------+--------------+
; Compilation Hierarchy Node                ; Combinational ALUTs ; Dedicated Logic Registers ; Memory Bits ; DSP Elements ; DSP 9x9 ; DSP 18x18 ; Pins ; Virtual Pins ; Full Hierarchy Name                                                                                                    ; Entity Name         ; Library Name ;
+-------------------------------------------+---------------------+---------------------------+-------------+--------------+---------+-----------+------+--------------+------------------------------------------------------------------------------------------------------------------------+---------------------+--------------+
; |data_collect                             ; 164 (0)             ; 19 (0)                    ; 0           ; 0            ; 0       ; 0         ; 29   ; 0            ; |data_collect                                                                                                          ; data_collect        ; work         ;
;    |ADC0809:u1|                           ; 5 (5)               ; 13 (13)                   ; 0           ; 0            ; 0       ; 0         ; 0    ; 0            ; |data_collect|ADC0809:u1                                                                                               ; ADC0809             ; work         ;
;    |shuma:u2|                             ; 159 (34)            ; 6 (6)                     ; 0           ; 0            ; 0       ; 0         ; 0    ; 0            ; |data_collect|shuma:u2                                                                                                 ; shuma               ; work         ;
;       |lpm_divide:Mod0|                   ; 77 (0)              ; 0 (0)                     ; 0           ; 0            ; 0       ; 0         ; 0    ; 0            ; |data_collect|shuma:u2|lpm_divide:Mod0                                                                                 ; lpm_divide          ; work         ;
;          |lpm_divide_q9m:auto_generated|  ; 77 (0)              ; 0 (0)                     ; 0           ; 0            ; 0       ; 0         ; 0    ; 0            ; |data_collect|shuma:u2|lpm_divide:Mod0|lpm_divide_q9m:auto_generated                                                   ; lpm_divide_q9m      ; work         ;
;             |sign_div_unsign_fkh:divider| ; 77 (0)              ; 0 (0)                     ; 0           ; 0            ; 0       ; 0         ; 0    ; 0            ; |data_collect|shuma:u2|lpm_divide:Mod0|lpm_divide_q9m:auto_generated|sign_div_unsign_fkh:divider                       ; sign_div_unsign_fkh ; work         ;
;                |alt_u_div_i4f:divider|    ; 77 (77)             ; 0 (0)                     ; 0           ; 0            ; 0       ; 0         ; 0    ; 0            ; |data_collect|shuma:u2|lpm_divide:Mod0|lpm_divide_q9m:auto_generated|sign_div_unsign_fkh:divider|alt_u_div_i4f:divider ; alt_u_div_i4f       ; work         ;
;       |lpm_divide:Mod1|                   ; 39 (0)              ; 0 (0)                     ; 0           ; 0            ; 0       ; 0         ; 0    ; 0            ; |data_collect|shuma:u2|lpm_divide:Mod1                                                                                 ; lpm_divide          ; work         ;
;          |lpm_divide_q9m:auto_generated|  ; 39 (0)              ; 0 (0)                     ; 0           ; 0            ; 0       ; 0         ; 0    ; 0            ; |data_collect|shuma:u2|lpm_divide:Mod1|lpm_divide_q9m:auto_generated                                                   ; lpm_divide_q9m      ; work         ;
;             |sign_div_unsign_fkh:divider| ; 39 (0)              ; 0 (0)                     ; 0           ; 0            ; 0       ; 0         ; 0    ; 0            ; |data_collect|shuma:u2|lpm_divide:Mod1|lpm_divide_q9m:auto_generated|sign_div_unsign_fkh:divider                       ; sign_div_unsign_fkh ; work         ;
;                |alt_u_div_i4f:divider|    ; 39 (39)             ; 0 (0)                     ; 0           ; 0            ; 0       ; 0         ; 0    ; 0            ; |data_collect|shuma:u2|lpm_divide:Mod1|lpm_divide_q9m:auto_generated|sign_div_unsign_fkh:divider|alt_u_div_i4f:divider ; alt_u_div_i4f       ; work         ;
;       |lpm_divide:Mod2|                   ; 9 (0)               ; 0 (0)                     ; 0           ; 0            ; 0       ; 0         ; 0    ; 0            ; |data_collect|shuma:u2|lpm_divide:Mod2                                                                                 ; lpm_divide          ; work         ;
;          |lpm_divide_i9m:auto_generated|  ; 9 (0)               ; 0 (0)                     ; 0           ; 0            ; 0       ; 0         ; 0    ; 0            ; |data_collect|shuma:u2|lpm_divide:Mod2|lpm_divide_i9m:auto_generated                                                   ; lpm_divide_i9m      ; work         ;
;             |sign_div_unsign_7kh:divider| ; 9 (0)               ; 0 (0)                     ; 0           ; 0            ; 0       ; 0         ; 0    ; 0            ; |data_collect|shuma:u2|lpm_divide:Mod2|lpm_divide_i9m:auto_generated|sign_div_unsign_7kh:divider                       ; sign_div_unsign_7kh ; work         ;
;                |alt_u_div_24f:divider|    ; 9 (9)               ; 0 (0)                     ; 0           ; 0            ; 0       ; 0         ; 0    ; 0            ; |data_collect|shuma:u2|lpm_divide:Mod2|lpm_divide_i9m:auto_generated|sign_div_unsign_7kh:divider|alt_u_div_24f:divider ; alt_u_div_24f       ; work         ;
+-------------------------------------------+---------------------+---------------------------+-------------+--------------+---------+-----------+------+--------------+------------------------------------------------------------------------------------------------------------------------+---------------------+--------------+
Note: For table entries with two numbers listed, the numbers in parentheses indicate the number of resources of the given type used by the specific entity alone. The numbers listed outside of parentheses indicate the total resources of the given type used by the specific entity and all of its sub-entities in the hierarchy.


Encoding Type:  One-Hot
+--------------------------------------------------------------------------------+
; State Machine - |data_collect|shuma:u2|cs                                      ;
+--------+--------+--------+--------+--------+--------+--------+--------+--------+
; Name   ; cs.st7 ; cs.st6 ; cs.st5 ; cs.st4 ; cs.st3 ; cs.st2 ; cs.st1 ; cs.st0 ;
+--------+--------+--------+--------+--------+--------+--------+--------+--------+
; cs.st0 ; 0      ; 0      ; 0      ; 0      ; 0      ; 0      ; 0      ; 0      ;
; cs.st1 ; 0      ; 0      ; 0      ; 0      ; 0      ; 0      ; 1      ; 1      ;
; cs.st2 ; 0      ; 0      ; 0      ; 0      ; 0      ; 1      ; 0      ; 1      ;
; cs.st3 ; 0      ; 0      ; 0      ; 0      ; 1      ; 0      ; 0      ; 1      ;
; cs.st4 ; 0      ; 0      ; 0      ; 1      ; 0      ; 0      ; 0      ; 1      ;
; cs.st5 ; 0      ; 0      ; 1      ; 0      ; 0      ; 0      ; 0      ; 1      ;
; cs.st6 ; 0      ; 1      ; 0      ; 0      ; 0      ; 0      ; 0      ; 1      ;
; cs.st7 ; 1      ; 0      ; 0      ; 0      ; 0      ; 0      ; 0      ; 1      ;
+--------+--------+--------+--------+--------+--------+--------+--------+--------+


Encoding Type:  One-Hot
+-----------------------------------------------+
; State Machine - |data_collect|ADC0809:u1|cs   ;
+-------+-------+-------+-------+-------+-------+
; Name  ; cs.s4 ; cs.s3 ; cs.s2 ; cs.s1 ; cs.s0 ;
+-------+-------+-------+-------+-------+-------+
; cs.s0 ; 0     ; 0     ; 0     ; 0     ; 0     ;
; cs.s1 ; 0     ; 0     ; 0     ; 1     ; 1     ;
; cs.s2 ; 0     ; 0     ; 1     ; 0     ; 1     ;
; cs.s3 ; 0     ; 1     ; 0     ; 0     ; 1     ;
; cs.s4 ; 1     ; 0     ; 0     ; 0     ; 1     ;
+-------+-------+-------+-------+-------+-------+


+------------------------------------------------------------+
; Registers Removed During Synthesis                         ;
+---------------------------------------+--------------------+
; Register name                         ; Reason for Removal ;
+---------------------------------------+--------------------+
; shuma:u2|cs.st6                       ; Lost fanout        ;
; shuma:u2|cs.st7                       ; Lost fanout        ;
; Total Number of Removed Registers = 2 ;                    ;
+---------------------------------------+--------------------+


+------------------------------------------------------+
; General Register Statistics                          ;
+----------------------------------------------+-------+
; Statistic                                    ; Value ;
+----------------------------------------------+-------+
; Total registers                              ; 19    ;
; Number of registers using Synchronous Clear  ; 0     ;
; Number of registers using Synchronous Load   ; 0     ;
; Number of registers using Asynchronous Clear ; 11    ;
; Number of registers using Asynchronous Load  ; 0     ;
; Number of registers using Clock Enable       ; 0     ;
; Number of registers using Preset             ; 0     ;
+----------------------------------------------+-------+


+---------------------------------------------------------------------------+
; Parameter Settings for Inferred Entity Instance: shuma:u2|lpm_divide:Mod1 ;
+------------------------+----------------+---------------------------------+
; Parameter Name         ; Value          ; Type                            ;
+------------------------+----------------+---------------------------------+
; LPM_WIDTHN             ; 8              ; Untyped                         ;
; LPM_WIDTHD             ; 8              ; Untyped                         ;
; LPM_NREPRESENTATION    ; UNSIGNED       ; Untyped                         ;
; LPM_DREPRESENTATION    ; UNSIGNED       ; Untyped                         ;
; LPM_PIPELINE           ; 0              ; Untyped                         ;
; LPM_REMAINDERPOSITIVE  ; TRUE           ; Untyped                         ;
; MAXIMIZE_SPEED         ; 5              ; Untyped                         ;
; CBXI_PARAMETER         ; lpm_divide_q9m ; Untyped                         ;
; CARRY_CHAIN            ; MANUAL         ; Untyped                         ;
; OPTIMIZE_FOR_SPEED     ; 5              ; Untyped                         ;
; AUTO_CARRY_CHAINS      ; ON             ; AUTO_CARRY                      ;
; IGNORE_CARRY_BUFFERS   ; OFF            ; IGNORE_CARRY                    ;
; AUTO_CASCADE_CHAINS    ; ON             ; AUTO_CASCADE                    ;
; IGNORE_CASCADE_BUFFERS ; OFF            ; IGNORE_CASCADE                  ;
+------------------------+----------------+---------------------------------+
Note: In order to hide this table in the UI and the text report file, please set the "Show Parameter Settings in Synthesis Report" option in "Analysis and Synthesis Settings -> More Settings" to "Off".


+---------------------------------------------------------------------------+
; Parameter Settings for Inferred Entity Instance: shuma:u2|lpm_divide:Mod2 ;
+------------------------+----------------+---------------------------------+
; Parameter Name         ; Value          ; Type                            ;
+------------------------+----------------+---------------------------------+
; LPM_WIDTHN             ; 4              ; Untyped                         ;
; LPM_WIDTHD             ; 4              ; Untyped                         ;
; LPM_NREPRESENTATION    ; UNSIGNED       ; Untyped                         ;
; LPM_DREPRESENTATION    ; UNSIGNED       ; Untyped                         ;
; LPM_PIPELINE           ; 0              ; Untyped                         ;
; LPM_REMAINDERPOSITIVE  ; TRUE           ; Untyped                         ;
; MAXIMIZE_SPEED         ; 5              ; Untyped                         ;
; CBXI_PARAMETER         ; lpm_divide_i9m ; Untyped                         ;
; CARRY_CHAIN            ; MANUAL         ; Untyped                         ;
; OPTIMIZE_FOR_SPEED     ; 5              ; Untyped                         ;
; AUTO_CARRY_CHAINS      ; ON             ; AUTO_CARRY                      ;
; IGNORE_CARRY_BUFFERS   ; OFF            ; IGNORE_CARRY                    ;
; AUTO_CASCADE_CHAINS    ; ON             ; AUTO_CASCADE                    ;
; IGNORE_CASCADE_BUFFERS ; OFF            ; IGNORE_CASCADE                  ;
+------------------------+----------------+---------------------------------+
Note: In order to hide this table in the UI and the text report file, please set the "Show Parameter Settings in Synthesis Report" option in "Analysis and Synthesis Settings -> More Settings" to "Off".


+---------------------------------------------------------------------------+
; Parameter Settings for Inferred Entity Instance: shuma:u2|lpm_divide:Mod0 ;
+------------------------+----------------+---------------------------------+
; Parameter Name         ; Value          ; Type                            ;
+------------------------+----------------+---------------------------------+
; LPM_WIDTHN             ; 8              ; Untyped                         ;
; LPM_WIDTHD             ; 8              ; Untyped                         ;
; LPM_NREPRESENTATION    ; UNSIGNED       ; Untyped                         ;
; LPM_DREPRESENTATION    ; UNSIGNED       ; Untyped                         ;
; LPM_PIPELINE           ; 0              ; Untyped                         ;
; LPM_REMAINDERPOSITIVE  ; TRUE           ; Untyped                         ;
; MAXIMIZE_SPEED         ; 5              ; Untyped                         ;
; CBXI_PARAMETER         ; lpm_divide_q9m ; Untyped                         ;
; CARRY_CHAIN            ; MANUAL         ; Untyped                         ;
; OPTIMIZE_FOR_SPEED     ; 5              ; Untyped                         ;
; AUTO_CARRY_CHAINS      ; ON             ; AUTO_CARRY                      ;
; IGNORE_CARRY_BUFFERS   ; OFF            ; IGNORE_CARRY                    ;
; AUTO_CASCADE_CHAINS    ; ON             ; AUTO_CASCADE                    ;
; IGNORE_CASCADE_BUFFERS ; OFF            ; IGNORE_CASCADE                  ;
+------------------------+----------------+---------------------------------+
Note: In order to hide this table in the UI and the text report file, please set the "Show Parameter Settings in Synthesis Report" option in "Analysis and Synthesis Settings -> More Settings" to "Off".


+------------------------------------------------------------------------------------------------------------------+
; Port Connectivity Checks: "ADC0809:u1"                                                                           ;
+--------+--------+----------+-------------------------------------------------------------------------------------+
; Port   ; Type   ; Severity ; Details                                                                             ;
+--------+--------+----------+-------------------------------------------------------------------------------------+
; lock_t ; Output ; Info     ; Connected to dangling logic. Logic that only feeds a dangling port will be removed. ;
+--------+--------+----------+-------------------------------------------------------------------------------------+


+-----------------------------------------------------+
; Post-Synthesis Netlist Statistics for Top Partition ;
+-----------------------+-----------------------------+
; Type                  ; Count                       ;
+-----------------------+-----------------------------+
; boundary_port         ; 29                          ;
; cycloneiii_ff         ; 19                          ;
;     CLR               ; 11                          ;
;     plain             ; 8                           ;
; cycloneiii_lcell_comb ; 167                         ;
;     arith             ; 39                          ;
;         2 data inputs ; 8                           ;
;         3 data inputs ; 31                          ;
;     normal            ; 128                         ;
;         0 data inputs ; 10                          ;
;         1 data inputs ; 5                           ;
;         2 data inputs ; 57                          ;
;         3 data inputs ; 11                          ;
;         4 data inputs ; 45                          ;
;                       ;                             ;
; Max LUT depth         ; 14.50                       ;
; Average LUT depth     ; 10.81                       ;
+-----------------------+-----------------------------+


+-------------------------------+
; Elapsed Time Per Partition    ;
+----------------+--------------+
; Partition Name ; Elapsed Time ;
+----------------+--------------+
; Top            ; 00:00:01     ;
+----------------+--------------+


+-------------------------------+
; Analysis & Synthesis Messages ;
+-------------------------------+
Info: *******************************************************************
Info: Running Quartus Prime Analysis & Synthesis
    Info: Version 16.1.0 Build 196 10/24/2016 SJ Lite Edition
    Info: Processing started: Thu Jun 08 13:30:30 2017
Info: Command: quartus_map --read_settings_files=on --write_settings_files=off data_collect -c data_collect
Warning (18236): Number of processors has not been specified which may cause overloading on shared machines.  Set the global assignment NUM_PARALLEL_PROCESSORS in your QSF to an appropriate value for best performance.
Info (20030): Parallel compilation is enabled and will use 2 of the 2 processors detected
Info (12021): Found 2 design units, including 1 entities, in source file data_collect.vhd
    Info (12022): Found design unit 1: data_collect-G File: E:/FPGAsave/data_collect/data_collect.vhd Line: 15
    Info (12023): Found entity 1: data_collect File: E:/FPGAsave/data_collect/data_collect.vhd Line: 4
Info (12021): Found 4 design units, including 1 entities, in source file shuma.vhd
    Info (12022): Found design unit 1: pack File: E:/FPGAsave/data_collect/shuma.vhd Line: 5
    Info (12022): Found design unit 2: pack-body File: E:/FPGAsave/data_collect/shuma.vhd Line: 10
    Info (12022): Found design unit 3: shuma-behave File: E:/FPGAsave/data_collect/shuma.vhd Line: 36
    Info (12023): Found entity 1: shuma File: E:/FPGAsave/data_collect/shuma.vhd Line: 29
Info (12021): Found 2 design units, including 1 entities, in source file adc0809.vhd
    Info (12022): Found design unit 1: ADC0809-behav File: E:/FPGAsave/data_collect/ADC0809.vhd Line: 14
    Info (12023): Found entity 1: ADC0809 File: E:/FPGAsave/data_collect/ADC0809.vhd Line: 4
Info (12127): Elaborating entity "data_collect" for the top level hierarchy
Info (12128): Elaborating entity "ADC0809" for hierarchy "ADC0809:u1" File: E:/FPGAsave/data_collect/data_collect.vhd Line: 33
Info (12128): Elaborating entity "shuma" for hierarchy "shuma:u2" File: E:/FPGAsave/data_collect/data_collect.vhd Line: 42
Warning (10492): VHDL Process Statement warning at shuma.vhd(65): signal "DATA" is read inside the Process Statement but isn't in the Process Statement's sensitivity list File: E:/FPGAsave/data_collect/shuma.vhd Line: 65
Warning (10492): VHDL Process Statement warning at shuma.vhd(67): signal "MEMwei" is read inside the Process Statement but isn't in the Process Statement's sensitivity list File: E:/FPGAsave/data_collect/shuma.vhd Line: 67
Warning (10492): VHDL Process Statement warning at shuma.vhd(67): signal "MEMduan" is read inside the Process Statement but isn't in the Process Statement's sensitivity list File: E:/FPGAsave/data_collect/shuma.vhd Line: 67
Warning (10492): VHDL Process Statement warning at shuma.vhd(68): signal "MEMwei" is read inside the Process Statement but isn't in the Process Statement's sensitivity list File: E:/FPGAsave/data_collect/shuma.vhd Line: 68
Warning (10492): VHDL Process Statement warning at shuma.vhd(68): signal "MEMduan" is read inside the Process Statement but isn't in the Process Statement's sensitivity list File: E:/FPGAsave/data_collect/shuma.vhd Line: 68
Warning (10492): VHDL Process Statement warning at shuma.vhd(69): signal "MEMwei" is read inside the Process Statement but isn't in the Process Statement's sensitivity list File: E:/FPGAsave/data_collect/shuma.vhd Line: 69
Warning (10492): VHDL Process Statement warning at shuma.vhd(69): signal "MEMduan" is read inside the Process Statement but isn't in the Process Statement's sensitivity list File: E:/FPGAsave/data_collect/shuma.vhd Line: 69
Warning (10492): VHDL Process Statement warning at shuma.vhd(70): signal "MEMwei" is read inside the Process Statement but isn't in the Process Statement's sensitivity list File: E:/FPGAsave/data_collect/shuma.vhd Line: 70
Warning (10492): VHDL Process Statement warning at shuma.vhd(71): signal "MEMwei" is read inside the Process Statement but isn't in the Process Statement's sensitivity list File: E:/FPGAsave/data_collect/shuma.vhd Line: 71
Warning (10492): VHDL Process Statement warning at shuma.vhd(72): signal "MEMwei" is read inside the Process Statement but isn't in the Process Statement's sensitivity list File: E:/FPGAsave/data_collect/shuma.vhd Line: 72
Warning (10492): VHDL Process Statement warning at shuma.vhd(73): signal "MEMwei" is read inside the Process Statement but isn't in the Process Statement's sensitivity list File: E:/FPGAsave/data_collect/shuma.vhd Line: 73
Info (278001): Inferred 3 megafunctions from design logic
    Info (278004): Inferred divider/modulo megafunction ("lpm_divide") from the following logic: "shuma:u2|Mod1" File: E:/FPGAsave/data_collect/shuma.vhd Line: 18
    Info (278004): Inferred divider/modulo megafunction ("lpm_divide") from the following logic: "shuma:u2|Mod2" File: E:/FPGAsave/data_collect/shuma.vhd Line: 19
    Info (278004): Inferred divider/modulo megafunction ("lpm_divide") from the following logic: "shuma:u2|Mod0" File: E:/FPGAsave/data_collect/shuma.vhd Line: 17
Info (12130): Elaborated megafunction instantiation "shuma:u2|lpm_divide:Mod1" File: E:/FPGAsave/data_collect/shuma.vhd Line: 18
Info (12133): Instantiated megafunction "shuma:u2|lpm_divide:Mod1" with the following parameter: File: E:/FPGAsave/data_collect/shuma.vhd Line: 18
    Info (12134): Parameter "LPM_WIDTHN" = "8"
    Info (12134): Parameter "LPM_WIDTHD" = "8"
    Info (12134): Parameter "LPM_NREPRESENTATION" = "UNSIGNED"
    Info (12134): Parameter "LPM_DREPRESENTATION" = "UNSIGNED"
Info (12021): Found 1 design units, including 1 entities, in source file db/lpm_divide_q9m.tdf
    Info (12023): Found entity 1: lpm_divide_q9m File: E:/FPGAsave/data_collect/db/lpm_divide_q9m.tdf Line: 25
Info (12021): Found 1 design units, including 1 entities, in source file db/sign_div_unsign_fkh.tdf
    Info (12023): Found entity 1: sign_div_unsign_fkh File: E:/FPGAsave/data_collect/db/sign_div_unsign_fkh.tdf Line: 25
Info (12021): Found 1 design units, including 1 entities, in source file db/alt_u_div_i4f.tdf
    Info (12023): Found entity 1: alt_u_div_i4f File: E:/FPGAsave/data_collect/db/alt_u_div_i4f.tdf Line: 27
Info (12021): Found 1 design units, including 1 entities, in source file db/add_sub_7pc.tdf
    Info (12023): Found entity 1: add_sub_7pc File: E:/FPGAsave/data_collect/db/add_sub_7pc.tdf Line: 23
Info (12021): Found 1 design units, including 1 entities, in source file db/add_sub_8pc.tdf
    Info (12023): Found entity 1: add_sub_8pc File: E:/FPGAsave/data_collect/db/add_sub_8pc.tdf Line: 23
Info (12130): Elaborated megafunction instantiation "shuma:u2|lpm_divide:Mod2" File: E:/FPGAsave/data_collect/shuma.vhd Line: 19
Info (12133): Instantiated megafunction "shuma:u2|lpm_divide:Mod2" with the following parameter: File: E:/FPGAsave/data_collect/shuma.vhd Line: 19
    Info (12134): Parameter "LPM_WIDTHN" = "4"
    Info (12134): Parameter "LPM_WIDTHD" = "4"
    Info (12134): Parameter "LPM_NREPRESENTATION" = "UNSIGNED"
    Info (12134): Parameter "LPM_DREPRESENTATION" = "UNSIGNED"
Info (12021): Found 1 design units, including 1 entities, in source file db/lpm_divide_i9m.tdf
    Info (12023): Found entity 1: lpm_divide_i9m File: E:/FPGAsave/data_collect/db/lpm_divide_i9m.tdf Line: 25
Info (12021): Found 1 design units, including 1 entities, in source file db/sign_div_unsign_7kh.tdf
    Info (12023): Found entity 1: sign_div_unsign_7kh File: E:/FPGAsave/data_collect/db/sign_div_unsign_7kh.tdf Line: 25
Info (12021): Found 1 design units, including 1 entities, in source file db/alt_u_div_24f.tdf
    Info (12023): Found entity 1: alt_u_div_24f File: E:/FPGAsave/data_collect/db/alt_u_div_24f.tdf Line: 27
Info (12130): Elaborated megafunction instantiation "shuma:u2|lpm_divide:Mod0" File: E:/FPGAsave/data_collect/shuma.vhd Line: 17
Info (12133): Instantiated megafunction "shuma:u2|lpm_divide:Mod0" with the following parameter: File: E:/FPGAsave/data_collect/shuma.vhd Line: 17
    Info (12134): Parameter "LPM_WIDTHN" = "8"
    Info (12134): Parameter "LPM_WIDTHD" = "8"
    Info (12134): Parameter "LPM_NREPRESENTATION" = "UNSIGNED"
    Info (12134): Parameter "LPM_DREPRESENTATION" = "UNSIGNED"
Warning (13024): Output pins are stuck at VCC or GND
    Warning (13410): Pin "ADDA0" is stuck at GND File: E:/FPGAsave/data_collect/data_collect.vhd Line: 10
    Warning (13410): Pin "DUAN0[7]" is stuck at VCC File: E:/FPGAsave/data_collect/data_collect.vhd Line: 12
Info (286030): Timing-Driven Synthesis is running
Info (17049): 2 registers lost all their fanouts during netlist optimizations.
Info (16010): Generating hard_block partition "hard_block:auto_generated_inst"
    Info (16011): Adding 0 node(s), including 0 DDIO, 0 PLL, 0 transceiver and 0 LCELL
Info (21057): Implemented 206 device resources after synthesis - the final resource count might be different
    Info (21058): Implemented 11 input pins
    Info (21059): Implemented 18 output pins
    Info (21061): Implemented 177 logic cells
Info: Quartus Prime Analysis & Synthesis was successful. 0 errors, 15 warnings
    Info: Peak virtual memory: 687 megabytes
    Info: Processing ended: Thu Jun 08 13:30:46 2017
    Info: Elapsed time: 00:00:16
    Info: Total CPU time (on all processors): 00:00:31


